#
# There is insufficient memory for the Java Runtime Environment to continue.
# Native memory allocation (mmap) failed to map 268435456 bytes for G1 virtual space
# Possible reasons:
#   The system is out of physical RAM or swap space
#   The process is running with CompressedOops enabled, and the Java Heap may be blocking the growth of the native heap
# Possible solutions:
#   Reduce memory load on the system
#   Increase physical memory or swap space
#   Check if swap backing store is full
#   Decrease Java heap size (-Xmx/-Xms)
#   Decrease number of Java threads
#   Decrease Java thread stack sizes (-Xss)
#   Set larger code cache with -XX:ReservedCodeCacheSize=
#   JVM is running with Zero Based Compressed Oops mode in which the Java heap is
#     placed in the first 32GB address space. The Java Heap base address is the
#     maximum limit for the native heap growth. Please use -XX:HeapBaseMinAddress
#     to set the Java Heap base and to place the Java Heap above 32GB virtual address.
# This output file may be truncated or incomplete.
#
#  Out of Memory Error (os_windows.cpp:3825), pid=14668, tid=12952
#
# JRE version:  (17.0.9) (build )
# Java VM: OpenJDK 64-Bit Server VM (17.0.9+0--11185874, mixed mode, sharing, tiered, compressed oops, compressed class ptrs, g1 gc, windows-amd64)
# No core dump will be written. Minidumps are not enabled by default on client versions of Windows
#

---------------  S U M M A R Y ------------

Command Line: 

Host: Intel(R) Core(TM) i3-10100F CPU @ 3.60GHz, 8 cores, 15G,  Windows 10 , 64 bit Build 19041 (10.0.19041.4842)
Time: Fri Oct 11 03:37:07 2024 Azerbaijan Standard Time elapsed time: 0.020130 seconds (0d 0h 0m 0s)

---------------  T H R E A D  ---------------

Current thread (0x000001690c6efc30):  JavaThread "Unknown thread" [_thread_in_vm, id=12952, stack(0x000000238be00000,0x000000238bf00000)]

Stack: [0x000000238be00000,0x000000238bf00000]
Native frames: (J=compiled Java code, j=interpreted, Vv=VM code, C=native code)
V  [jvm.dll+0x6886e9]
V  [jvm.dll+0x841e4a]
V  [jvm.dll+0x843a8e]
V  [jvm.dll+0x8440f3]
V  [jvm.dll+0x24c14f]
V  [jvm.dll+0x685499]
V  [jvm.dll+0x679c2a]
V  [jvm.dll+0x30cf9b]
V  [jvm.dll+0x314446]
V  [jvm.dll+0x36425e]
V  [jvm.dll+0x36448f]
V  [jvm.dll+0x2e2d68]
V  [jvm.dll+0x2e3cd4]
V  [jvm.dll+0x8129f1]
V  [jvm.dll+0x3720c1]
V  [jvm.dll+0x7f152c]
V  [jvm.dll+0x3f5d4f]
V  [jvm.dll+0x3f7981]
C  [jli.dll+0x528f]
C  [ucrtbase.dll+0x21bb2]
C  [KERNEL32.DLL+0x17374]
C  [ntdll.dll+0x4cc91]


---------------  P R O C E S S  ---------------

Threads class SMR info:
_java_thread_list=0x00007ffa47c1ef18, length=0, elements={
}

Java Threads: ( => current thread )

Other Threads:
  0x000001690c758a90 GCTaskThread "GC Thread#0" [stack: 0x000000238bf00000,0x000000238c000000] [id=6340]
  0x000001690c76a780 ConcurrentGCThread "G1 Main Marker" [stack: 0x000000238c000000,0x000000238c100000] [id=15016]
  0x000001690c76b0b0 ConcurrentGCThread "G1 Conc#0" [stack: 0x000000238c100000,0x000000238c200000] [id=3172]

[error occurred during error reporting (printing all threads), id 0xc0000005, EXCEPTION_ACCESS_VIOLATION (0xc0000005) at pc=0x00007ffa473d3937]

VM state: not at safepoint (not fully initialized)

VM Mutex/Monitor currently owned by a thread:  ([mutex/lock_event])
[0x000001690c6ea1e0] Heap_lock - owner thread: 0x000001690c6efc30

Heap address: 0x0000000701800000, size: 4072 MB, Compressed Oops mode: Zero based, Oop shift amount: 3

CDS archive(s) mapped at: [0x0000000000000000-0x0000000000000000-0x0000000000000000), size 0, SharedBaseAddress: 0x0000000800000000, ArchiveRelocationMode: 1.
Narrow klass base: 0x0000000000000000, Narrow klass shift: 0, Narrow klass range: 0x0

GC Precious Log:
<Empty>

Heap:
 garbage-first heap   total 0K, used 0K [0x0000000701800000, 0x0000000800000000)
  region size 2048K, 0 young (0K), 0 survivors (0K)
 Metaspace       used 0K, committed 0K, reserved 0K
  class space    used 0K, committed 0K, reserved 0K

Heap Regions: E=young(eden), S=young(survivor), O=old, HS=humongous(starts), HC=humongous(continues), CS=collection set, F=free, OA=open archive, CA=closed archive, TAMS=top-at-mark-start (previous, next)

Card table byte_map: [0x0000016921600000,0x0000016921e00000] _byte_map_base: 0x000001691ddf4000

Marking Bits (Prev, Next): (CMBitMap*) 0x000001690c759fd0, (CMBitMap*) 0x000001690c75a010
 Prev Bits: [0x0000016922600000, 0x00000169265a0000)
 Next Bits: [0x00000169265a0000, 0x000001692a540000)

GC Heap History (0 events):
No events

Dll operation events (1 events):
Event: 0.011 Loaded shared library C:\Program Files\Android\Android Studio\jbr\bin\java.dll

Deoptimization events (0 events):
No events

Classes unloaded (0 events):
No events

Classes redefined (0 events):
No events

Internal exceptions (0 events):
No events

VM Operations (0 events):
No events

Events (0 events):
No events


Dynamic libraries:
0x00007ff7af750000 - 0x00007ff7af75a000 	C:\Program Files\Android\Android Studio\jbr\bin\java.EXE
0x00007ffab32d0000 - 0x00007ffab34c8000 	C:\Windows\SYSTEM32\ntdll.dll
0x00007ffab1880000 - 0x00007ffab1941000 	C:\Windows\System32\KERNEL32.DLL
0x00007ffab0c00000 - 0x00007ffab0efd000 	C:\Windows\System32\KERNELBASE.dll
0x00007ffaad0a0000 - 0x00007ffaad134000 	C:\Windows\SYSTEM32\apphelp.dll
0x00007ffab10a0000 - 0x00007ffab11a0000 	C:\Windows\System32\ucrtbase.dll
0x00007ffa994e0000 - 0x00007ffa994f7000 	C:\Program Files\Android\Android Studio\jbr\bin\jli.dll
0x00007ffab3050000 - 0x00007ffab31ed000 	C:\Windows\System32\USER32.dll
0x00007ffab0bd0000 - 0x00007ffab0bf2000 	C:\Windows\System32\win32u.dll
0x00007ffab3260000 - 0x00007ffab328b000 	C:\Windows\System32\GDI32.dll
0x00007ffab0980000 - 0x00007ffab0a97000 	C:\Windows\System32\gdi32full.dll
0x00007ffab0f00000 - 0x00007ffab0f9d000 	C:\Windows\System32\msvcp_win.dll
0x00007ffa981c0000 - 0x00007ffa981db000 	C:\Program Files\Android\Android Studio\jbr\bin\VCRUNTIME140.dll
0x00007ffa99180000 - 0x00007ffa9941a000 	C:\Windows\WinSxS\amd64_microsoft.windows.common-controls_6595b64144ccf1df_6.0.19041.4355_none_60b8b9eb71f62e16\COMCTL32.dll
0x00007ffab2820000 - 0x00007ffab28be000 	C:\Windows\System32\msvcrt.dll
0x00007ffab1a20000 - 0x00007ffab1a4f000 	C:\Windows\System32\IMM32.DLL
0x00007ffaa69d0000 - 0x00007ffaa69dc000 	C:\Program Files\Android\Android Studio\jbr\bin\vcruntime140_1.dll
0x00007ffa6d590000 - 0x00007ffa6d61d000 	C:\Program Files\Android\Android Studio\jbr\bin\msvcp140.dll
0x00007ffa470e0000 - 0x00007ffa47d63000 	C:\Program Files\Android\Android Studio\jbr\bin\server\jvm.dll
0x00007ffab2a40000 - 0x00007ffab2af0000 	C:\Windows\System32\ADVAPI32.dll
0x00007ffab2940000 - 0x00007ffab29e0000 	C:\Windows\System32\sechost.dll
0x00007ffab2500000 - 0x00007ffab2623000 	C:\Windows\System32\RPCRT4.dll
0x00007ffab0ba0000 - 0x00007ffab0bc7000 	C:\Windows\System32\bcrypt.dll
0x00007ffab06c0000 - 0x00007ffab070b000 	C:\Windows\SYSTEM32\POWRPROF.dll
0x00007ffaada80000 - 0x00007ffaada89000 	C:\Windows\SYSTEM32\WSOCK32.dll
0x00007ffab31f0000 - 0x00007ffab325b000 	C:\Windows\System32\WS2_32.dll
0x00007ffaa0490000 - 0x00007ffaa04b7000 	C:\Windows\SYSTEM32\WINMM.dll
0x00007ffaa9870000 - 0x00007ffaa987a000 	C:\Windows\SYSTEM32\VERSION.dll
0x00007ffab06a0000 - 0x00007ffab06b2000 	C:\Windows\SYSTEM32\UMPDC.dll
0x00007ffaae7c0000 - 0x00007ffaae7d2000 	C:\Windows\SYSTEM32\kernel.appcore.dll
0x00007ffaa5c20000 - 0x00007ffaa5c2a000 	C:\Program Files\Android\Android Studio\jbr\bin\jimage.dll
0x00007ffa9fb50000 - 0x00007ffa9fd34000 	C:\Windows\SYSTEM32\DBGHELP.DLL
0x00007ffa94c80000 - 0x00007ffa94cb4000 	C:\Windows\SYSTEM32\dbgcore.DLL
0x00007ffab0aa0000 - 0x00007ffab0b22000 	C:\Windows\System32\bcryptPrimitives.dll
0x00007ffa8c7b0000 - 0x00007ffa8c7d5000 	C:\Program Files\Android\Android Studio\jbr\bin\java.dll

dbghelp: loaded successfully - version: 4.0.5 - missing functions: none
symbol engine: initialized successfully - sym options: 0x614 - pdb path: .;C:\Program Files\Android\Android Studio\jbr\bin;C:\Windows\SYSTEM32;C:\Windows\WinSxS\amd64_microsoft.windows.common-controls_6595b64144ccf1df_6.0.19041.4355_none_60b8b9eb71f62e16;C:\Program Files\Android\Android Studio\jbr\bin\server

VM Arguments:
java_command: <unknown>
java_class_path (initial): <not set>
Launcher Type: SUN_STANDARD

[Global flags]
     intx CICompilerCount                          = 4                                         {product} {ergonomic}
     uint ConcGCThreads                            = 2                                         {product} {ergonomic}
     uint G1ConcRefinementThreads                  = 8                                         {product} {ergonomic}
   size_t G1HeapRegionSize                         = 2097152                                   {product} {ergonomic}
    uintx GCDrainStackTargetSize                   = 64                                        {product} {ergonomic}
   size_t InitialHeapSize                          = 268435456                                 {product} {ergonomic}
   size_t MarkStackSize                            = 4194304                                   {product} {ergonomic}
   size_t MaxHeapSize                              = 4269801472                                {product} {ergonomic}
   size_t MinHeapDeltaBytes                        = 2097152                                   {product} {ergonomic}
   size_t MinHeapSize                              = 8388608                                   {product} {ergonomic}
    uintx NonNMethodCodeHeapSize                   = 5839372                                {pd product} {ergonomic}
    uintx NonProfiledCodeHeapSize                  = 122909434                              {pd product} {ergonomic}
    uintx ProfiledCodeHeapSize                     = 122909434                              {pd product} {ergonomic}
    uintx ReservedCodeCacheSize                    = 251658240                              {pd product} {ergonomic}
     bool SegmentedCodeCache                       = true                                      {product} {ergonomic}
   size_t SoftMaxHeapSize                          = 4269801472                             {manageable} {ergonomic}
     bool UseCompressedClassPointers               = true                           {product lp64_product} {ergonomic}
     bool UseCompressedOops                        = true                           {product lp64_product} {ergonomic}
     bool UseG1GC                                  = true                                      {product} {ergonomic}
     bool UseLargePagesIndividualAllocation        = false                                  {pd product} {ergonomic}

Logging:
Log output configuration:
 #0: stdout all=warning uptime,level,tags
 #1: stderr all=off uptime,level,tags

Environment Variables:
PATH=C:\Program Files\Common Files\Oracle\Java\javapath;C:\Program Files (x86)\Common Files\Oracle\Java\java8path;C:\Program Files (x86)\Common Files\Oracle\Java\javapath;C:\Program Files (x86)\Razer\ChromaBroadcast\bin;C:\Program Files\Razer\ChromaBroadcast\bin;C:\Program Files (x86)\Common Files\Intel\Shared Libraries\redist\intel64\compiler;C:\Windows\system32;C:\Windows;C:\Windows\System32\Wbem;C:\Windows\System32\WindowsPowerShell\v1.0\;C:\Windows\System32\OpenSSH\;C:\Program Files (x86)\NVIDIA Corporation\PhysX\Common;C:\Program Files\NVIDIA Corporation\NVIDIA NvDLISR;C:\Program Files\dotnet\;C:\Users\appo\AppData\Local\Microsoft\WindowsApps;C:\Program Files\CMake\bin;C:\flutter\bin;C:\Program Files (x86)\Windows Kits\10\Windows Performance Toolkit\;C:\Users\appo\AppData\Local\Programs\Python\Python311\python.exe;C:\Program Files\nodejs\;C:\Users\appo\AppData\Local\Pub\Cache\bin;C:\Program Files\PuTTY\;C:\Program Files\Git\cmd;C:\Users\appo\AppData\Local\JSONBuddy;C:\Program Files\MySQL\MySQL Shell 8.0\bin\;C:\Users\appo\AppData\Local\Programs\Python\Python311\Scripts\;C:\Users\appo\AppData\Local\Programs\Python\Python311\python.exe;C:\Users\appo\AppData\Local\Microsoft\WindowsApps;C:\Program Files\JetBrains\PyCharm Community Edition 2023.1.2\bin;C:\\Users\appo\AppData\Local\Programs\Python\Python311;C:\Users\appo\AppData\Local\Programs\Python\Python311\Lib;C:\Users\appo\AppData\Local\Programs\Python\Python311\libs;C:\Users\appo\AppData\Local\Programs\Python\Python311\Tools\scripts;C:\Users\appo\AppData\Local\atom\bin;C:\AppServ\Apache24\bin;C:\AppServ\php7;C:\AppServ\MySQL\bin;C:\Users\appo\AppData\Local\Programs\Microsoft VS Code\bin;C:\Program Files\JetBrains\IntelliJ IDEA 2023.2.3\bin;;C:\Program Files\Git\bin\git.exe;C:\Users\appo\AppData\Roaming\npm;C:\kotlinc\bin;C:\flutter\flutter\bin;C:\Users\appo\AppData\Local\GitHubDesktop\bin;C:\flutter\flutter\bin\mingit\cmd;C:\flutter\flutter\bin\mingit\cmd
USERNAME=appo
OS=Windows_NT
PROCESSOR_IDENTIFIER=Intel64 Family 6 Model 165 Stepping 3, GenuineIntel
TMP=C:\Users\appo\AppData\Local\Temp
TEMP=C:\Users\appo\AppData\Local\Temp



Periodic native trim disabled

JNI global refs:
JNI global refs: 0, weak refs: 0

JNI global refs memory usage: 0, weak refs: 0

OOME stack traces (most recent first):
Classloader memory used:


---------------  S Y S T E M  ---------------

OS:
 Windows 10 , 64 bit Build 19041 (10.0.19041.4842)
OS uptime: 8 days 4:48 hours
Hyper-V role detected

CPU: total 8 (initial active 8) (4 cores per cpu, 2 threads per core) family 6 model 165 stepping 3 microcode 0xf0, cx8, cmov, fxsr, ht, mmx, 3dnowpref, sse, sse2, sse3, ssse3, sse4.1, sse4.2, popcnt, lzcnt, tsc, tscinvbit, avx, avx2, aes, erms, clmul, bmi1, bmi2, adx, fma, vzeroupper, clflush, clflushopt, hv
Processor Information for all 8 processors :
  Max Mhz: 3600, Current Mhz: 3600, Mhz Limit: 3600

Memory: 4k page, system-wide physical 16281M (863M free)
TotalPageFile size 65433M (AvailPageFile size 207M)
current process WorkingSet (physical memory assigned to process): 11M, peak: 11M
current process commit charge ("private bytes"): 60M, peak: 316M

vm_info: OpenJDK 64-Bit Server VM (17.0.9+0--11185874) for windows-amd64 JRE (17.0.9+0--11185874), built on Dec  6 2023 18:57:44 by "androidbuild" with MS VC++ 16.10 / 16.11 (VS2019)

END.
