#
# There is insufficient memory for the Java Runtime Environment to continue.
# Native memory allocation (malloc) failed to allocate 32744 bytes for ChunkPool::allocate
# Possible reasons:
#   The system is out of physical RAM or swap space
#   The process is running with CompressedOops enabled, and the Java Heap may be blocking the growth of the native heap
# Possible solutions:
#   Reduce memory load on the system
#   Increase physical memory or swap space
#   Check if swap backing store is full
#   Decrease Java heap size (-Xmx/-Xms)
#   Decrease number of Java threads
#   Decrease Java thread stack sizes (-Xss)
#   Set larger code cache with -XX:ReservedCodeCacheSize=
#   JVM is running with Zero Based Compressed Oops mode in which the Java heap is
#     placed in the first 32GB address space. The Java Heap base address is the
#     maximum limit for the native heap growth. Please use -XX:HeapBaseMinAddress
#     to set the Java Heap base and to place the Java Heap above 32GB virtual address.
# This output file may be truncated or incomplete.
#
#  Out of Memory Error (arena.cpp:79), pid=18860, tid=21384
#
# JRE version: OpenJDK Runtime Environment (17.0.9) (build 17.0.9+0--11185874)
# Java VM: OpenJDK 64-Bit Server VM (17.0.9+0--11185874, mixed mode, tiered, compressed oops, compressed class ptrs, g1 gc, windows-amd64)
# No core dump will be written. Minidumps are not enabled by default on client versions of Windows
#

---------------  S U M M A R Y ------------

Command Line: -Dorg.gradle.appname=gradlew org.gradle.wrapper.GradleWrapperMain -q -Ptarget-platform=android-x86 -Ptarget=C:\Users\appo\Desktop\chatapp\lib\main.dart -Pbase-application-name=android.app.Application -Pdart-obfuscation=false -Ptrack-widget-creation=true -Ptree-shake-icons=false -Pfilesystem-scheme=org-dartlang-root assembleDebug

Host: Intel(R) Core(TM) i3-10100F CPU @ 3.60GHz, 8 cores, 15G,  Windows 10 , 64 bit Build 19041 (10.0.19041.4842)
Time: Fri Sep 27 04:46:59 2024 Azerbaijan Standard Time elapsed time: 6.556258 seconds (0d 0h 0m 6s)

---------------  T H R E A D  ---------------

Current thread (0x000001c9c90e9d50):  JavaThread "C2 CompilerThread0" daemon [_thread_in_native, id=21384, stack(0x000000689b600000,0x000000689b700000)]


Current CompileTask:
C2:   6556 1224       4       java.lang.invoke.VarHandle::checkExactAccessMode (28 bytes)

Stack: [0x000000689b600000,0x000000689b700000]
Native frames: (J=compiled Java code, j=interpreted, Vv=VM code, C=native code)
V  [jvm.dll+0x6886e9]
V  [jvm.dll+0x841e4a]
V  [jvm.dll+0x843a8e]
V  [jvm.dll+0x8440f3]
V  [jvm.dll+0x24c14f]
V  [jvm.dll+0xac66c]
V  [jvm.dll+0xaca9c]
V  [jvm.dll+0x2b376f]
V  [jvm.dll+0x590767]
V  [jvm.dll+0x226762]
V  [jvm.dll+0x226b4f]
V  [jvm.dll+0x21fc76]
V  [jvm.dll+0x21d0c1]
V  [jvm.dll+0x1a674d]
V  [jvm.dll+0x22d088]
V  [jvm.dll+0x22b1c0]
V  [jvm.dll+0x7f62f7]
V  [jvm.dll+0x7f06aa]
V  [jvm.dll+0x687565]
C  [ucrtbase.dll+0x21bb2]
C  [KERNEL32.DLL+0x17374]
C  [ntdll.dll+0x4cc91]


---------------  P R O C E S S  ---------------

Threads class SMR info:
_java_thread_list=0x000001c9ce426620, length=15, elements={
0x000001c9a8639650, 0x000001c9c909f260, 0x000001c9c909fff0, 0x000001c9c90cfd20,
0x000001c9c90d2700, 0x000001c9c90d2fd0, 0x000001c9c90d38a0, 0x000001c9c90e9d50,
0x000001c9c90f2670, 0x000001c9c90f6fa0, 0x000001c9c9251770, 0x000001c9c9252f00,
0x000001c9ce2936a0, 0x000001c9ce240000, 0x000001c9ce40a420
}

Java Threads: ( => current thread )
  0x000001c9a8639650 JavaThread "main" [_thread_in_native, id=17964, stack(0x000000689a900000,0x000000689aa00000)]
  0x000001c9c909f260 JavaThread "Reference Handler" daemon [_thread_blocked, id=27284, stack(0x000000689b000000,0x000000689b100000)]
  0x000001c9c909fff0 JavaThread "Finalizer" daemon [_thread_blocked, id=17168, stack(0x000000689b100000,0x000000689b200000)]
  0x000001c9c90cfd20 JavaThread "Signal Dispatcher" daemon [_thread_blocked, id=4024, stack(0x000000689b200000,0x000000689b300000)]
  0x000001c9c90d2700 JavaThread "Attach Listener" daemon [_thread_blocked, id=20588, stack(0x000000689b300000,0x000000689b400000)]
  0x000001c9c90d2fd0 JavaThread "Service Thread" daemon [_thread_blocked, id=11036, stack(0x000000689b400000,0x000000689b500000)]
  0x000001c9c90d38a0 JavaThread "Monitor Deflation Thread" daemon [_thread_blocked, id=21900, stack(0x000000689b500000,0x000000689b600000)]
=>0x000001c9c90e9d50 JavaThread "C2 CompilerThread0" daemon [_thread_in_native, id=21384, stack(0x000000689b600000,0x000000689b700000)]
  0x000001c9c90f2670 JavaThread "C1 CompilerThread0" daemon [_thread_blocked, id=7084, stack(0x000000689b700000,0x000000689b800000)]
  0x000001c9c90f6fa0 JavaThread "Sweeper thread" daemon [_thread_blocked, id=16120, stack(0x000000689b800000,0x000000689b900000)]
  0x000001c9c9251770 JavaThread "Notification Thread" daemon [_thread_blocked, id=22560, stack(0x000000689b900000,0x000000689ba00000)]
  0x000001c9c9252f00 JavaThread "Common-Cleaner" daemon [_thread_blocked, id=13540, stack(0x000000689bb00000,0x000000689bc00000)]
  0x000001c9ce2936a0 JavaThread "pool-1-thread-1" [_thread_blocked, id=14524, stack(0x000000689c200000,0x000000689c300000)]
  0x000001c9ce240000 JavaThread "DisconnectableInputStream source reader" daemon [_thread_in_native, id=17100, stack(0x000000689c300000,0x000000689c400000)]
  0x000001c9ce40a420 JavaThread "Forward input" [_thread_blocked, id=14400, stack(0x000000689c400000,0x000000689c500000)]

Other Threads:
  0x000001c9c9075690 VMThread "VM Thread" [stack: 0x000000689af00000,0x000000689b000000] [id=2324]
  0x000001c9c9251c50 WatcherThread [stack: 0x000000689ba00000,0x000000689bb00000] [id=21956]
  0x000001c9a86a66d0 GCTaskThread "GC Thread#0" [stack: 0x000000689aa00000,0x000000689ab00000] [id=8876]
  0x000001c9ce15f320 GCTaskThread "GC Thread#1" [stack: 0x000000689bd00000,0x000000689be00000] [id=9036]
  0x000001c9ce160920 GCTaskThread "GC Thread#2" [stack: 0x000000689be00000,0x000000689bf00000] [id=14320]
  0x000001c9ce160be0 GCTaskThread "GC Thread#3" [stack: 0x000000689bf00000,0x000000689c000000] [id=13288]
  0x000001c9ce160ea0 GCTaskThread "GC Thread#4" [stack: 0x000000689c000000,0x000000689c100000] [id=25788]
  0x000001c9ce1600e0 GCTaskThread "GC Thread#5" [stack: 0x000000689c100000,0x000000689c200000] [id=3068]
  0x000001c9a86b73b0 ConcurrentGCThread "G1 Main Marker" [stack: 0x000000689ab00000,0x000000689ac00000] [id=20692]
  0x000001c9a86b8480 ConcurrentGCThread "G1 Conc#0" [stack: 0x000000689ac00000,0x000000689ad00000] [id=7124]
  0x000001c9a86ee520 ConcurrentGCThread "G1 Refine#0" [stack: 0x000000689ad00000,0x000000689ae00000] [id=13308]
  0x000001c9c8866cd0 ConcurrentGCThread "G1 Service" [stack: 0x000000689ae00000,0x000000689af00000] [id=1712]

Threads with active compile tasks:
C2 CompilerThread0     6578 1224       4       java.lang.invoke.VarHandle::checkExactAccessMode (28 bytes)

VM state: not at safepoint (normal execution)

VM Mutex/Monitor currently owned by a thread: None

Heap address: 0x0000000701800000, size: 4072 MB, Compressed Oops mode: Zero based, Oop shift amount: 3

CDS archive(s) not mapped
Compressed class space mapped at: 0x0000000800000000-0x0000000840000000, reserved size: 1073741824
Narrow klass base: 0x0000000800000000, Narrow klass shift: 0, Narrow klass range: 0x40000000

GC Precious Log:
 CPUs: 8 total, 8 available
 Memory: 16281M
 Large Page Support: Disabled
 NUMA Support: Disabled
 Compressed Oops: Enabled (Zero based)
 Heap Region Size: 2M
 Heap Min Capacity: 8M
 Heap Initial Capacity: 256M
 Heap Max Capacity: 4072M
 Pre-touch: Disabled
 Parallel Workers: 8
 Concurrent Workers: 2
 Concurrent Refinement Workers: 8
 Periodic GC: Disabled

Heap:
 garbage-first heap   total 262144K, used 26709K [0x0000000701800000, 0x0000000800000000)
  region size 2048K, 11 young (22528K), 2 survivors (4096K)
 Metaspace       used 16693K, committed 16896K, reserved 1114112K
  class space    used 1947K, committed 2048K, reserved 1048576K

Heap Regions: E=young(eden), S=young(survivor), O=old, HS=humongous(starts), HC=humongous(continues), CS=collection set, F=free, OA=open archive, CA=closed archive, TAMS=top-at-mark-start (previous, next)
|   0|0x0000000701800000, 0x0000000701a00000, 0x0000000701a00000|100%|HS|  |TAMS 0x0000000701800000, 0x0000000701800000| Complete 
|   1|0x0000000701a00000, 0x0000000701c00000, 0x0000000701c00000|100%|HC|  |TAMS 0x0000000701a00000, 0x0000000701a00000| Complete 
|   2|0x0000000701c00000, 0x0000000701e00000, 0x0000000701e00000|100%| O|  |TAMS 0x0000000701c00000, 0x0000000701c00000| Untracked 
|   3|0x0000000701e00000, 0x0000000701e15600, 0x0000000702000000|  4%| O|  |TAMS 0x0000000701e00000, 0x0000000701e00000| Untracked 
|   4|0x0000000702000000, 0x0000000702000000, 0x0000000702200000|  0%| F|  |TAMS 0x0000000702000000, 0x0000000702000000| Untracked 
|   5|0x0000000702200000, 0x0000000702200000, 0x0000000702400000|  0%| F|  |TAMS 0x0000000702200000, 0x0000000702200000| Untracked 
|   6|0x0000000702400000, 0x0000000702400000, 0x0000000702600000|  0%| F|  |TAMS 0x0000000702400000, 0x0000000702400000| Untracked 
|   7|0x0000000702600000, 0x0000000702600000, 0x0000000702800000|  0%| F|  |TAMS 0x0000000702600000, 0x0000000702600000| Untracked 
|   8|0x0000000702800000, 0x0000000702800000, 0x0000000702a00000|  0%| F|  |TAMS 0x0000000702800000, 0x0000000702800000| Untracked 
|   9|0x0000000702a00000, 0x0000000702a00000, 0x0000000702c00000|  0%| F|  |TAMS 0x0000000702a00000, 0x0000000702a00000| Untracked 
|  10|0x0000000702c00000, 0x0000000702c00000, 0x0000000702e00000|  0%| F|  |TAMS 0x0000000702c00000, 0x0000000702c00000| Untracked 
|  11|0x0000000702e00000, 0x0000000702e00000, 0x0000000703000000|  0%| F|  |TAMS 0x0000000702e00000, 0x0000000702e00000| Untracked 
|  12|0x0000000703000000, 0x0000000703000000, 0x0000000703200000|  0%| F|  |TAMS 0x0000000703000000, 0x0000000703000000| Untracked 
|  13|0x0000000703200000, 0x0000000703200000, 0x0000000703400000|  0%| F|  |TAMS 0x0000000703200000, 0x0000000703200000| Untracked 
|  14|0x0000000703400000, 0x0000000703400000, 0x0000000703600000|  0%| F|  |TAMS 0x0000000703400000, 0x0000000703400000| Untracked 
|  15|0x0000000703600000, 0x0000000703600000, 0x0000000703800000|  0%| F|  |TAMS 0x0000000703600000, 0x0000000703600000| Untracked 
|  16|0x0000000703800000, 0x0000000703800000, 0x0000000703a00000|  0%| F|  |TAMS 0x0000000703800000, 0x0000000703800000| Untracked 
|  17|0x0000000703a00000, 0x0000000703a00000, 0x0000000703c00000|  0%| F|  |TAMS 0x0000000703a00000, 0x0000000703a00000| Untracked 
|  18|0x0000000703c00000, 0x0000000703c00000, 0x0000000703e00000|  0%| F|  |TAMS 0x0000000703c00000, 0x0000000703c00000| Untracked 
|  19|0x0000000703e00000, 0x0000000703e00000, 0x0000000704000000|  0%| F|  |TAMS 0x0000000703e00000, 0x0000000703e00000| Untracked 
|  20|0x0000000704000000, 0x0000000704000000, 0x0000000704200000|  0%| F|  |TAMS 0x0000000704000000, 0x0000000704000000| Untracked 
|  21|0x0000000704200000, 0x0000000704200000, 0x0000000704400000|  0%| F|  |TAMS 0x0000000704200000, 0x0000000704200000| Untracked 
|  22|0x0000000704400000, 0x0000000704400000, 0x0000000704600000|  0%| F|  |TAMS 0x0000000704400000, 0x0000000704400000| Untracked 
|  23|0x0000000704600000, 0x0000000704600000, 0x0000000704800000|  0%| F|  |TAMS 0x0000000704600000, 0x0000000704600000| Untracked 
|  24|0x0000000704800000, 0x0000000704800000, 0x0000000704a00000|  0%| F|  |TAMS 0x0000000704800000, 0x0000000704800000| Untracked 
|  25|0x0000000704a00000, 0x0000000704a00000, 0x0000000704c00000|  0%| F|  |TAMS 0x0000000704a00000, 0x0000000704a00000| Untracked 
|  26|0x0000000704c00000, 0x0000000704c00000, 0x0000000704e00000|  0%| F|  |TAMS 0x0000000704c00000, 0x0000000704c00000| Untracked 
|  27|0x0000000704e00000, 0x0000000704e00000, 0x0000000705000000|  0%| F|  |TAMS 0x0000000704e00000, 0x0000000704e00000| Untracked 
|  28|0x0000000705000000, 0x0000000705000000, 0x0000000705200000|  0%| F|  |TAMS 0x0000000705000000, 0x0000000705000000| Untracked 
|  29|0x0000000705200000, 0x0000000705200000, 0x0000000705400000|  0%| F|  |TAMS 0x0000000705200000, 0x0000000705200000| Untracked 
|  30|0x0000000705400000, 0x0000000705400000, 0x0000000705600000|  0%| F|  |TAMS 0x0000000705400000, 0x0000000705400000| Untracked 
|  31|0x0000000705600000, 0x0000000705600000, 0x0000000705800000|  0%| F|  |TAMS 0x0000000705600000, 0x0000000705600000| Untracked 
|  32|0x0000000705800000, 0x0000000705800000, 0x0000000705a00000|  0%| F|  |TAMS 0x0000000705800000, 0x0000000705800000| Untracked 
|  33|0x0000000705a00000, 0x0000000705a00000, 0x0000000705c00000|  0%| F|  |TAMS 0x0000000705a00000, 0x0000000705a00000| Untracked 
|  34|0x0000000705c00000, 0x0000000705c00000, 0x0000000705e00000|  0%| F|  |TAMS 0x0000000705c00000, 0x0000000705c00000| Untracked 
|  35|0x0000000705e00000, 0x0000000705e00000, 0x0000000706000000|  0%| F|  |TAMS 0x0000000705e00000, 0x0000000705e00000| Untracked 
|  36|0x0000000706000000, 0x0000000706000000, 0x0000000706200000|  0%| F|  |TAMS 0x0000000706000000, 0x0000000706000000| Untracked 
|  37|0x0000000706200000, 0x0000000706200000, 0x0000000706400000|  0%| F|  |TAMS 0x0000000706200000, 0x0000000706200000| Untracked 
|  38|0x0000000706400000, 0x0000000706400000, 0x0000000706600000|  0%| F|  |TAMS 0x0000000706400000, 0x0000000706400000| Untracked 
|  39|0x0000000706600000, 0x0000000706600000, 0x0000000706800000|  0%| F|  |TAMS 0x0000000706600000, 0x0000000706600000| Untracked 
|  40|0x0000000706800000, 0x0000000706800000, 0x0000000706a00000|  0%| F|  |TAMS 0x0000000706800000, 0x0000000706800000| Untracked 
|  41|0x0000000706a00000, 0x0000000706a00000, 0x0000000706c00000|  0%| F|  |TAMS 0x0000000706a00000, 0x0000000706a00000| Untracked 
|  42|0x0000000706c00000, 0x0000000706c00000, 0x0000000706e00000|  0%| F|  |TAMS 0x0000000706c00000, 0x0000000706c00000| Untracked 
|  43|0x0000000706e00000, 0x0000000706e00000, 0x0000000707000000|  0%| F|  |TAMS 0x0000000706e00000, 0x0000000706e00000| Untracked 
|  44|0x0000000707000000, 0x0000000707000000, 0x0000000707200000|  0%| F|  |TAMS 0x0000000707000000, 0x0000000707000000| Untracked 
|  45|0x0000000707200000, 0x0000000707200000, 0x0000000707400000|  0%| F|  |TAMS 0x0000000707200000, 0x0000000707200000| Untracked 
|  46|0x0000000707400000, 0x0000000707400000, 0x0000000707600000|  0%| F|  |TAMS 0x0000000707400000, 0x0000000707400000| Untracked 
|  47|0x0000000707600000, 0x0000000707600000, 0x0000000707800000|  0%| F|  |TAMS 0x0000000707600000, 0x0000000707600000| Untracked 
|  48|0x0000000707800000, 0x0000000707800000, 0x0000000707a00000|  0%| F|  |TAMS 0x0000000707800000, 0x0000000707800000| Untracked 
|  49|0x0000000707a00000, 0x0000000707a00000, 0x0000000707c00000|  0%| F|  |TAMS 0x0000000707a00000, 0x0000000707a00000| Untracked 
|  50|0x0000000707c00000, 0x0000000707c00000, 0x0000000707e00000|  0%| F|  |TAMS 0x0000000707c00000, 0x0000000707c00000| Untracked 
|  51|0x0000000707e00000, 0x0000000707e00000, 0x0000000708000000|  0%| F|  |TAMS 0x0000000707e00000, 0x0000000707e00000| Untracked 
|  52|0x0000000708000000, 0x0000000708000000, 0x0000000708200000|  0%| F|  |TAMS 0x0000000708000000, 0x0000000708000000| Untracked 
|  53|0x0000000708200000, 0x0000000708200000, 0x0000000708400000|  0%| F|  |TAMS 0x0000000708200000, 0x0000000708200000| Untracked 
|  54|0x0000000708400000, 0x0000000708400000, 0x0000000708600000|  0%| F|  |TAMS 0x0000000708400000, 0x0000000708400000| Untracked 
|  55|0x0000000708600000, 0x0000000708600000, 0x0000000708800000|  0%| F|  |TAMS 0x0000000708600000, 0x0000000708600000| Untracked 
|  56|0x0000000708800000, 0x0000000708800000, 0x0000000708a00000|  0%| F|  |TAMS 0x0000000708800000, 0x0000000708800000| Untracked 
|  57|0x0000000708a00000, 0x0000000708a00000, 0x0000000708c00000|  0%| F|  |TAMS 0x0000000708a00000, 0x0000000708a00000| Untracked 
|  58|0x0000000708c00000, 0x0000000708c00000, 0x0000000708e00000|  0%| F|  |TAMS 0x0000000708c00000, 0x0000000708c00000| Untracked 
|  59|0x0000000708e00000, 0x0000000708e00000, 0x0000000709000000|  0%| F|  |TAMS 0x0000000708e00000, 0x0000000708e00000| Untracked 
|  60|0x0000000709000000, 0x0000000709000000, 0x0000000709200000|  0%| F|  |TAMS 0x0000000709000000, 0x0000000709000000| Untracked 
|  61|0x0000000709200000, 0x0000000709200000, 0x0000000709400000|  0%| F|  |TAMS 0x0000000709200000, 0x0000000709200000| Untracked 
|  62|0x0000000709400000, 0x0000000709400000, 0x0000000709600000|  0%| F|  |TAMS 0x0000000709400000, 0x0000000709400000| Untracked 
|  63|0x0000000709600000, 0x0000000709600000, 0x0000000709800000|  0%| F|  |TAMS 0x0000000709600000, 0x0000000709600000| Untracked 
|  64|0x0000000709800000, 0x0000000709800000, 0x0000000709a00000|  0%| F|  |TAMS 0x0000000709800000, 0x0000000709800000| Untracked 
|  65|0x0000000709a00000, 0x0000000709a00000, 0x0000000709c00000|  0%| F|  |TAMS 0x0000000709a00000, 0x0000000709a00000| Untracked 
|  66|0x0000000709c00000, 0x0000000709c00000, 0x0000000709e00000|  0%| F|  |TAMS 0x0000000709c00000, 0x0000000709c00000| Untracked 
|  67|0x0000000709e00000, 0x0000000709e00000, 0x000000070a000000|  0%| F|  |TAMS 0x0000000709e00000, 0x0000000709e00000| Untracked 
|  68|0x000000070a000000, 0x000000070a000000, 0x000000070a200000|  0%| F|  |TAMS 0x000000070a000000, 0x000000070a000000| Untracked 
|  69|0x000000070a200000, 0x000000070a200000, 0x000000070a400000|  0%| F|  |TAMS 0x000000070a200000, 0x000000070a200000| Untracked 
|  70|0x000000070a400000, 0x000000070a400000, 0x000000070a600000|  0%| F|  |TAMS 0x000000070a400000, 0x000000070a400000| Untracked 
|  71|0x000000070a600000, 0x000000070a600000, 0x000000070a800000|  0%| F|  |TAMS 0x000000070a600000, 0x000000070a600000| Untracked 
|  72|0x000000070a800000, 0x000000070a800000, 0x000000070aa00000|  0%| F|  |TAMS 0x000000070a800000, 0x000000070a800000| Untracked 
|  73|0x000000070aa00000, 0x000000070aa00000, 0x000000070ac00000|  0%| F|  |TAMS 0x000000070aa00000, 0x000000070aa00000| Untracked 
|  74|0x000000070ac00000, 0x000000070ac00000, 0x000000070ae00000|  0%| F|  |TAMS 0x000000070ac00000, 0x000000070ac00000| Untracked 
|  75|0x000000070ae00000, 0x000000070ae00000, 0x000000070b000000|  0%| F|  |TAMS 0x000000070ae00000, 0x000000070ae00000| Untracked 
|  76|0x000000070b000000, 0x000000070b000000, 0x000000070b200000|  0%| F|  |TAMS 0x000000070b000000, 0x000000070b000000| Untracked 
|  77|0x000000070b200000, 0x000000070b200000, 0x000000070b400000|  0%| F|  |TAMS 0x000000070b200000, 0x000000070b200000| Untracked 
|  78|0x000000070b400000, 0x000000070b400000, 0x000000070b600000|  0%| F|  |TAMS 0x000000070b400000, 0x000000070b400000| Untracked 
|  79|0x000000070b600000, 0x000000070b600000, 0x000000070b800000|  0%| F|  |TAMS 0x000000070b600000, 0x000000070b600000| Untracked 
|  80|0x000000070b800000, 0x000000070b800000, 0x000000070ba00000|  0%| F|  |TAMS 0x000000070b800000, 0x000000070b800000| Untracked 
|  81|0x000000070ba00000, 0x000000070ba00000, 0x000000070bc00000|  0%| F|  |TAMS 0x000000070ba00000, 0x000000070ba00000| Untracked 
|  82|0x000000070bc00000, 0x000000070bc00000, 0x000000070be00000|  0%| F|  |TAMS 0x000000070bc00000, 0x000000070bc00000| Untracked 
|  83|0x000000070be00000, 0x000000070be00000, 0x000000070c000000|  0%| F|  |TAMS 0x000000070be00000, 0x000000070be00000| Untracked 
|  84|0x000000070c000000, 0x000000070c000000, 0x000000070c200000|  0%| F|  |TAMS 0x000000070c000000, 0x000000070c000000| Untracked 
|  85|0x000000070c200000, 0x000000070c200000, 0x000000070c400000|  0%| F|  |TAMS 0x000000070c200000, 0x000000070c200000| Untracked 
|  86|0x000000070c400000, 0x000000070c400000, 0x000000070c600000|  0%| F|  |TAMS 0x000000070c400000, 0x000000070c400000| Untracked 
|  87|0x000000070c600000, 0x000000070c600000, 0x000000070c800000|  0%| F|  |TAMS 0x000000070c600000, 0x000000070c600000| Untracked 
|  88|0x000000070c800000, 0x000000070c800000, 0x000000070ca00000|  0%| F|  |TAMS 0x000000070c800000, 0x000000070c800000| Untracked 
|  89|0x000000070ca00000, 0x000000070ca00000, 0x000000070cc00000|  0%| F|  |TAMS 0x000000070ca00000, 0x000000070ca00000| Untracked 
|  90|0x000000070cc00000, 0x000000070cc00000, 0x000000070ce00000|  0%| F|  |TAMS 0x000000070cc00000, 0x000000070cc00000| Untracked 
|  91|0x000000070ce00000, 0x000000070ce00000, 0x000000070d000000|  0%| F|  |TAMS 0x000000070ce00000, 0x000000070ce00000| Untracked 
|  92|0x000000070d000000, 0x000000070d000000, 0x000000070d200000|  0%| F|  |TAMS 0x000000070d000000, 0x000000070d000000| Untracked 
|  93|0x000000070d200000, 0x000000070d200000, 0x000000070d400000|  0%| F|  |TAMS 0x000000070d200000, 0x000000070d200000| Untracked 
|  94|0x000000070d400000, 0x000000070d400000, 0x000000070d600000|  0%| F|  |TAMS 0x000000070d400000, 0x000000070d400000| Untracked 
|  95|0x000000070d600000, 0x000000070d600000, 0x000000070d800000|  0%| F|  |TAMS 0x000000070d600000, 0x000000070d600000| Untracked 
|  96|0x000000070d800000, 0x000000070d800000, 0x000000070da00000|  0%| F|  |TAMS 0x000000070d800000, 0x000000070d800000| Untracked 
|  97|0x000000070da00000, 0x000000070da00000, 0x000000070dc00000|  0%| F|  |TAMS 0x000000070da00000, 0x000000070da00000| Untracked 
|  98|0x000000070dc00000, 0x000000070dc00000, 0x000000070de00000|  0%| F|  |TAMS 0x000000070dc00000, 0x000000070dc00000| Untracked 
|  99|0x000000070de00000, 0x000000070de00000, 0x000000070e000000|  0%| F|  |TAMS 0x000000070de00000, 0x000000070de00000| Untracked 
| 100|0x000000070e000000, 0x000000070e000000, 0x000000070e200000|  0%| F|  |TAMS 0x000000070e000000, 0x000000070e000000| Untracked 
| 101|0x000000070e200000, 0x000000070e200000, 0x000000070e400000|  0%| F|  |TAMS 0x000000070e200000, 0x000000070e200000| Untracked 
| 102|0x000000070e400000, 0x000000070e400000, 0x000000070e600000|  0%| F|  |TAMS 0x000000070e400000, 0x000000070e400000| Untracked 
| 103|0x000000070e600000, 0x000000070e600000, 0x000000070e800000|  0%| F|  |TAMS 0x000000070e600000, 0x000000070e600000| Untracked 
| 104|0x000000070e800000, 0x000000070e800000, 0x000000070ea00000|  0%| F|  |TAMS 0x000000070e800000, 0x000000070e800000| Untracked 
| 105|0x000000070ea00000, 0x000000070ea00000, 0x000000070ec00000|  0%| F|  |TAMS 0x000000070ea00000, 0x000000070ea00000| Untracked 
| 106|0x000000070ec00000, 0x000000070ec00000, 0x000000070ee00000|  0%| F|  |TAMS 0x000000070ec00000, 0x000000070ec00000| Untracked 
| 107|0x000000070ee00000, 0x000000070ee00000, 0x000000070f000000|  0%| F|  |TAMS 0x000000070ee00000, 0x000000070ee00000| Untracked 
| 108|0x000000070f000000, 0x000000070f000000, 0x000000070f200000|  0%| F|  |TAMS 0x000000070f000000, 0x000000070f000000| Untracked 
| 109|0x000000070f200000, 0x000000070f200000, 0x000000070f400000|  0%| F|  |TAMS 0x000000070f200000, 0x000000070f200000| Untracked 
| 110|0x000000070f400000, 0x000000070f400000, 0x000000070f600000|  0%| F|  |TAMS 0x000000070f400000, 0x000000070f400000| Untracked 
| 111|0x000000070f600000, 0x000000070f600000, 0x000000070f800000|  0%| F|  |TAMS 0x000000070f600000, 0x000000070f600000| Untracked 
| 112|0x000000070f800000, 0x000000070f800000, 0x000000070fa00000|  0%| F|  |TAMS 0x000000070f800000, 0x000000070f800000| Untracked 
| 113|0x000000070fa00000, 0x000000070fa00000, 0x000000070fc00000|  0%| F|  |TAMS 0x000000070fa00000, 0x000000070fa00000| Untracked 
| 114|0x000000070fc00000, 0x000000070fc00000, 0x000000070fe00000|  0%| F|  |TAMS 0x000000070fc00000, 0x000000070fc00000| Untracked 
| 115|0x000000070fe00000, 0x0000000710000000, 0x0000000710000000|100%| S|CS|TAMS 0x000000070fe00000, 0x000000070fe00000| Complete 
| 116|0x0000000710000000, 0x0000000710200000, 0x0000000710200000|100%| S|CS|TAMS 0x0000000710000000, 0x0000000710000000| Complete 
| 117|0x0000000710200000, 0x0000000710200000, 0x0000000710400000|  0%| F|  |TAMS 0x0000000710200000, 0x0000000710200000| Untracked 
| 118|0x0000000710400000, 0x0000000710400000, 0x0000000710600000|  0%| F|  |TAMS 0x0000000710400000, 0x0000000710400000| Untracked 
| 119|0x0000000710600000, 0x000000071063ff18, 0x0000000710800000| 12%| E|  |TAMS 0x0000000710600000, 0x0000000710600000| Complete 
| 120|0x0000000710800000, 0x0000000710a00000, 0x0000000710a00000|100%| E|CS|TAMS 0x0000000710800000, 0x0000000710800000| Complete 
| 121|0x0000000710a00000, 0x0000000710c00000, 0x0000000710c00000|100%| E|CS|TAMS 0x0000000710a00000, 0x0000000710a00000| Complete 
| 122|0x0000000710c00000, 0x0000000710e00000, 0x0000000710e00000|100%| E|CS|TAMS 0x0000000710c00000, 0x0000000710c00000| Complete 
| 123|0x0000000710e00000, 0x0000000711000000, 0x0000000711000000|100%| E|CS|TAMS 0x0000000710e00000, 0x0000000710e00000| Complete 
| 124|0x0000000711000000, 0x0000000711200000, 0x0000000711200000|100%| E|CS|TAMS 0x0000000711000000, 0x0000000711000000| Complete 
| 125|0x0000000711200000, 0x0000000711400000, 0x0000000711400000|100%| E|CS|TAMS 0x0000000711200000, 0x0000000711200000| Complete 
| 126|0x0000000711400000, 0x0000000711600000, 0x0000000711600000|100%| E|CS|TAMS 0x0000000711400000, 0x0000000711400000| Complete 
| 127|0x0000000711600000, 0x0000000711800000, 0x0000000711800000|100%| E|CS|TAMS 0x0000000711600000, 0x0000000711600000| Complete 

Card table byte_map: [0x000001c9bd5b0000,0x000001c9bddb0000] _byte_map_base: 0x000001c9b9da4000

Marking Bits (Prev, Next): (CMBitMap*) 0x000001c9a86a6c00, (CMBitMap*) 0x000001c9a86a6c40
 Prev Bits: [0x000001c9be5b0000, 0x000001c9c2550000)
 Next Bits: [0x000001c9c2550000, 0x000001c9c64f0000)

Polling page: 0x000001c9a84a0000

Metaspace:

Usage:
  Non-class:     14.40 MB used.
      Class:      1.90 MB used.
       Both:     16.30 MB used.

Virtual space:
  Non-class space:       64.00 MB reserved,      14.50 MB ( 23%) committed,  1 nodes.
      Class space:        1.00 GB reserved,       2.00 MB ( <1%) committed,  1 nodes.
             Both:        1.06 GB reserved,      16.50 MB (  2%) committed. 

Chunk freelists:
   Non-Class:  677.00 KB
       Class:  13.98 MB
        Both:  14.64 MB

MaxMetaspaceSize: unlimited
CompressedClassSpaceSize: 1.00 GB
Initial GC threshold: 21.00 MB
Current GC threshold: 21.00 MB
CDS: off
MetaspaceReclaimPolicy: balanced
 - commit_granule_bytes: 65536.
 - commit_granule_words: 8192.
 - virtual_space_node_default_size: 8388608.
 - enlarge_chunks_in_place: 1.
 - new_chunks_are_fully_committed: 0.
 - uncommit_free_chunks: 1.
 - use_allocation_guard: 0.
 - handle_deallocations: 1.


Internal statistics:

num_allocs_failed_limit: 0.
num_arena_births: 76.
num_arena_deaths: 0.
num_vsnodes_births: 2.
num_vsnodes_deaths: 0.
num_space_committed: 264.
num_space_uncommitted: 0.
num_chunks_returned_to_freelist: 0.
num_chunks_taken_from_freelist: 318.
num_chunk_merges: 0.
num_chunk_splits: 210.
num_chunks_enlarged: 175.
num_inconsistent_stats: 0.

CodeHeap 'non-profiled nmethods': size=120000Kb used=487Kb max_used=487Kb free=119512Kb
 bounds [0x000001c9b4e10000, 0x000001c9b5080000, 0x000001c9bc340000]
CodeHeap 'profiled nmethods': size=120000Kb used=2276Kb max_used=2276Kb free=117723Kb
 bounds [0x000001c9ad340000, 0x000001c9ad5b0000, 0x000001c9b4870000]
CodeHeap 'non-nmethods': size=5760Kb used=1165Kb max_used=1189Kb free=4594Kb
 bounds [0x000001c9b4870000, 0x000001c9b4ae0000, 0x000001c9b4e10000]
 total_blobs=1684 nmethods=1223 adapters=374
 compilation: enabled
              stopped_count=0, restarted_count=0
 full_count=0

Compilation events (20 events):
Event: 2.502 Thread 0x000001c9c90f2670 nmethod 1214 0x000001c9b4e89510 code [0x000001c9b4e896a0, 0x000001c9b4e89778]
Event: 2.973 Thread 0x000001c9c90f2670 1215       1       java.util.concurrent.atomic.AtomicInteger::get (5 bytes)
Event: 2.973 Thread 0x000001c9c90f2670 nmethod 1215 0x000001c9b4e89810 code [0x000001c9b4e899a0, 0x000001c9b4e89a78]
Event: 3.161 Thread 0x000001c9c90f2670 1216       3       java.util.ArrayList::isEmpty (13 bytes)
Event: 3.161 Thread 0x000001c9c90f2670 nmethod 1216 0x000001c9ad576c10 code [0x000001c9ad576da0, 0x000001c9ad576f18]
Event: 3.573 Thread 0x000001c9c90f2670 1217   !   3       org.gradle.internal.serialize.kryo.KryoBackedDecoder::readSmallInt (16 bytes)
Event: 3.573 Thread 0x000001c9c90f2670 nmethod 1217 0x000001c9ad576f90 code [0x000001c9ad5771a0, 0x000001c9ad577808]
Event: 3.573 Thread 0x000001c9c90f2670 1218       3       com.esotericsoftware.kryo.io.Input::readInt (6 bytes)
Event: 3.573 Thread 0x000001c9c90f2670 nmethod 1218 0x000001c9ad577a90 code [0x000001c9ad577c40, 0x000001c9ad577d88]
Event: 4.753 Thread 0x000001c9c90f2670 1219       1       java.util.concurrent.atomic.AtomicLong::get (5 bytes)
Event: 4.753 Thread 0x000001c9c90f2670 nmethod 1219 0x000001c9b4e89b10 code [0x000001c9b4e89ca0, 0x000001c9b4e89d78]
Event: 4.953 Thread 0x000001c9c90f2670 1220       3       java.util.concurrent.locks.AbstractQueuedSynchronizer::compareAndSetState (13 bytes)
Event: 4.953 Thread 0x000001c9c90f2670 nmethod 1220 0x000001c9ad577e10 code [0x000001c9ad577fa0, 0x000001c9ad5780d8]
Event: 4.953 Thread 0x000001c9c90f2670 1221       3       java.util.concurrent.locks.AbstractQueuedSynchronizer::release (19 bytes)
Event: 4.953 Thread 0x000001c9c90f2670 nmethod 1221 0x000001c9ad578190 code [0x000001c9ad578380, 0x000001c9ad578808]
Event: 5.958 Thread 0x000001c9c90f2670 1222       3       java.util.concurrent.ThreadPoolExecutor::runStateAtLeast (11 bytes)
Event: 5.958 Thread 0x000001c9c90f2670 nmethod 1222 0x000001c9ad578990 code [0x000001c9ad578b20, 0x000001c9ad578c78]
Event: 6.351 Thread 0x000001c9c90f2670 1223       3       java.util.concurrent.locks.ReentrantLock$Sync::tryRelease (51 bytes)
Event: 6.352 Thread 0x000001c9c90f2670 nmethod 1223 0x000001c9ad578d10 code [0x000001c9ad578ec0, 0x000001c9ad579228]
Event: 6.552 Thread 0x000001c9c90e9d50 1224       4       java.lang.invoke.VarHandle::checkExactAccessMode (28 bytes)

GC Heap History (2 events):
Event: 0.847 GC heap before
{Heap before GC invocations=0 (full 0):
 garbage-first heap   total 262144K, used 26624K [0x0000000701800000, 0x0000000800000000)
  region size 2048K, 11 young (22528K), 0 survivors (0K)
 Metaspace       used 10750K, committed 10880K, reserved 1114112K
  class space    used 1078K, committed 1152K, reserved 1048576K
}
Event: 0.853 GC heap after
{Heap after GC invocations=1 (full 0):
 garbage-first heap   total 262144K, used 10325K [0x0000000701800000, 0x0000000800000000)
  region size 2048K, 2 young (4096K), 2 survivors (4096K)
 Metaspace       used 10750K, committed 10880K, reserved 1114112K
  class space    used 1078K, committed 1152K, reserved 1048576K
}

Dll operation events (2 events):
Event: 0.007 Loaded shared library C:\Program Files\Android\Android Studio\jbr\bin\java.dll
Event: 0.149 Loaded shared library C:\Program Files\Android\Android Studio\jbr\bin\verify.dll

Deoptimization events (20 events):
Event: 1.149 Thread 0x000001c9a8639650 DEOPT PACKING pc=0x000001c9b4e46950 sp=0x000000689a9fc0e0
Event: 1.149 Thread 0x000001c9a8639650 DEOPT UNPACKING pc=0x000001c9b48c69a3 sp=0x000000689a9fc0a8 mode 2
Event: 1.196 Thread 0x000001c9a8639650 DEOPT PACKING pc=0x000001c9ad4263c8 sp=0x000000689a9fa4a0
Event: 1.196 Thread 0x000001c9a8639650 DEOPT UNPACKING pc=0x000001c9b48c7143 sp=0x000000689a9f99b8 mode 0
Event: 1.294 Thread 0x000001c9a8639650 Uncommon trap: trap_request=0xffffff45 fr.pc=0x000001c9b4e6151c relative=0x0000000000001cdc
Event: 1.294 Thread 0x000001c9a8639650 Uncommon trap: reason=unstable_if action=reinterpret pc=0x000001c9b4e6151c method=java.io.WinNTFileSystem.normalize(Ljava/lang/String;)Ljava/lang/String; @ 128 c2
Event: 1.294 Thread 0x000001c9a8639650 DEOPT PACKING pc=0x000001c9b4e6151c sp=0x000000689a9fbbb0
Event: 1.294 Thread 0x000001c9a8639650 DEOPT UNPACKING pc=0x000001c9b48c69a3 sp=0x000000689a9fbb98 mode 2
Event: 1.402 Thread 0x000001c9a8639650 Uncommon trap: trap_request=0xffffff45 fr.pc=0x000001c9b4e44de4 relative=0x00000000000006a4
Event: 1.402 Thread 0x000001c9a8639650 Uncommon trap: reason=unstable_if action=reinterpret pc=0x000001c9b4e44de4 method=java.lang.AbstractStringBuilder.append(Ljava/lang/String;)Ljava/lang/AbstractStringBuilder; @ 1 c2
Event: 1.402 Thread 0x000001c9a8639650 DEOPT PACKING pc=0x000001c9b4e44de4 sp=0x000000689a9fc940
Event: 1.402 Thread 0x000001c9a8639650 DEOPT UNPACKING pc=0x000001c9b48c69a3 sp=0x000000689a9fc8c0 mode 2
Event: 1.403 Thread 0x000001c9a8639650 Uncommon trap: trap_request=0xffffff45 fr.pc=0x000001c9b4e54364 relative=0x00000000000006a4
Event: 1.403 Thread 0x000001c9a8639650 Uncommon trap: reason=unstable_if action=reinterpret pc=0x000001c9b4e54364 method=java.lang.AbstractStringBuilder.append(Ljava/lang/String;)Ljava/lang/AbstractStringBuilder; @ 1 c2
Event: 1.403 Thread 0x000001c9a8639650 DEOPT PACKING pc=0x000001c9b4e54364 sp=0x000000689a9fc8e0
Event: 1.403 Thread 0x000001c9a8639650 DEOPT UNPACKING pc=0x000001c9b48c69a3 sp=0x000000689a9fc8c8 mode 2
Event: 1.500 Thread 0x000001c9a8639650 Uncommon trap: trap_request=0xffffff45 fr.pc=0x000001c9b4e5f050 relative=0x0000000000000470
Event: 1.500 Thread 0x000001c9a8639650 Uncommon trap: reason=unstable_if action=reinterpret pc=0x000001c9b4e5f050 method=java.util.regex.Matcher.match(II)Z @ 76 c2
Event: 1.500 Thread 0x000001c9a8639650 DEOPT PACKING pc=0x000001c9b4e5f050 sp=0x000000689a9fbbb0
Event: 1.500 Thread 0x000001c9a8639650 DEOPT UNPACKING pc=0x000001c9b48c69a3 sp=0x000000689a9fbb68 mode 2

Classes unloaded (0 events):
No events

Classes redefined (0 events):
No events

Internal exceptions (18 events):
Event: 0.285 Thread 0x000001c9a8639650 Exception <a 'java/lang/NoSuchMethodError'{0x0000000711587f40}: 'int java.lang.invoke.DirectMethodHandle$Holder.invokeStaticInit(java.lang.Object, java.lang.Object)'> (0x0000000711587f40) 
thrown [s\src\hotspot\share\interpreter\linkResolver.cpp, line 771]
Event: 0.864 Thread 0x000001c9a8639650 Exception <a 'java/lang/NoSuchMethodError'{0x000000071164c130}: 'void java.lang.invoke.DirectMethodHandle$Holder.invokeStatic(java.lang.Object, java.lang.Object)'> (0x000000071164c130) 
thrown [s\src\hotspot\share\interpreter\linkResolver.cpp, line 771]
Event: 0.888 Thread 0x000001c9a8639650 Exception <a 'java/lang/NoClassDefFoundError'{0x00000007116d71f8}: org/slf4j/impl/StaticMarkerBinder> (0x00000007116d71f8) 
thrown [s\src\hotspot\share\classfile\systemDictionary.cpp, line 245]
Event: 0.898 Thread 0x000001c9a8639650 Exception <a 'java/lang/NoSuchMethodError'{0x0000000711777370}: 'java.lang.Object java.lang.invoke.DirectMethodHandle$Holder.invokeVirtual(java.lang.Object, java.lang.Object, java.lang.Object, java.lang.Object, java.lang.Object, java.lang.Object, java.lang.Object)'> (0x0000000711777370) 
thrown [s\src\hotspot\share\interpreter\linkResolver.cpp, line 771]
Event: 0.900 Thread 0x000001c9a8639650 Exception <a 'java/lang/NoSuchMethodError'{0x0000000711789108}: 'java.lang.Object java.lang.invoke.Invokers$Holder.invoker(java.lang.Object, java.lang.Object, java.lang.Object)'> (0x0000000711789108) 
thrown [s\src\hotspot\share\interpreter\linkResolver.cpp, line 771]
Event: 0.902 Thread 0x000001c9a8639650 Exception <a 'java/lang/NoSuchMethodError'{0x00000007117922b8}: 'java.lang.Object java.lang.invoke.DirectMethodHandle$Holder.invokeStatic(java.lang.Object, java.lang.Object, int)'> (0x00000007117922b8) 
thrown [s\src\hotspot\share\interpreter\linkResolver.cpp, line 771]
Event: 0.904 Thread 0x000001c9a8639650 Exception <a 'java/lang/NoSuchMethodError'{0x000000071179dfa8}: 'void java.lang.invoke.DelegatingMethodHandle$Holder.delegate(java.lang.Object, java.lang.Object, int, java.lang.Object)'> (0x000000071179dfa8) 
thrown [s\src\hotspot\share\interpreter\linkResolver.cpp, line 771]
Event: 0.905 Thread 0x000001c9a8639650 Exception <a 'java/lang/NoSuchMethodError'{0x00000007117a2170}: 'int java.lang.invoke.DirectMethodHandle$Holder.invokeSpecial(java.lang.Object, java.lang.Object, java.lang.Object)'> (0x00000007117a2170) 
thrown [s\src\hotspot\share\interpreter\linkResolver.cpp, line 771]
Event: 0.908 Thread 0x000001c9a8639650 Exception <a 'java/lang/NoSuchMethodError'{0x00000007117b5328}: 'java.lang.Object java.lang.invoke.Invokers$Holder.invokeExact_MT(java.lang.Object, java.lang.Object, java.lang.Object, java.lang.Object)'> (0x00000007117b5328) 
thrown [s\src\hotspot\share\interpreter\linkResolver.cpp, line 771]
Event: 1.094 Thread 0x000001c9a8639650 Exception <a 'java/lang/NoSuchMethodError'{0x0000000711115918}: 'void java.lang.invoke.DirectMethodHandle$Holder.invokeSpecial(java.lang.Object, java.lang.Object, java.lang.Object)'> (0x0000000711115918) 
thrown [s\src\hotspot\share\interpreter\linkResolver.cpp, line 771]
Event: 1.104 Thread 0x000001c9a8639650 Implicit null exception at 0x000001c9b4e5dd90 to 0x000001c9b4e5e330
Event: 1.104 Thread 0x000001c9a8639650 Implicit null exception at 0x000001c9b4e4d710 to 0x000001c9b4e4dcac
Event: 1.128 Thread 0x000001c9a8639650 Exception <a 'java/lang/NoSuchMethodError'{0x0000000710e67278}: 'java.lang.Object java.lang.invoke.DirectMethodHandle$Holder.invokeStaticInit(java.lang.Object)'> (0x0000000710e67278) 
thrown [s\src\hotspot\share\interpreter\linkResolver.cpp, line 771]
Event: 1.240 Thread 0x000001c9a8639650 Exception <a 'java/lang/NoSuchMethodError'{0x0000000710a246f8}: 'java.lang.Object java.lang.invoke.DirectMethodHandle$Holder.invokeStaticInit(java.lang.Object, int, int, int, int)'> (0x0000000710a246f8) 
thrown [s\src\hotspot\share\interpreter\linkResolver.cpp, line 771]
Event: 1.330 Thread 0x000001c9a8639650 Exception <a 'java/lang/NoSuchMethodError'{0x0000000710a8cd90}: 'java.lang.Object java.lang.invoke.DirectMethodHandle$Holder.invokeStaticInit(java.lang.Object, java.lang.Object, int, int, int, int)'> (0x0000000710a8cd90) 
thrown [s\src\hotspot\share\interpreter\linkResolver.cpp, line 771]
Event: 1.380 Thread 0x000001c9a8639650 Exception <a 'java/lang/NoSuchMethodError'{0x0000000710ab86f0}: 'void java.lang.invoke.DirectMethodHandle$Holder.invokeStatic(java.lang.Object, java.lang.Object, java.lang.Object)'> (0x0000000710ab86f0) 
thrown [s\src\hotspot\share\interpreter\linkResolver.cpp, line 771]
Event: 1.402 Thread 0x000001c9a8639650 Implicit null exception at 0x000001c9b4e44772 to 0x000001c9b4e44dcc
Event: 1.403 Thread 0x000001c9a8639650 Implicit null exception at 0x000001c9b4e53cf2 to 0x000001c9b4e5434c

VM Operations (16 events):
Event: 0.143 Executing VM operation: HandshakeAllThreads
Event: 0.143 Executing VM operation: HandshakeAllThreads done
Event: 0.696 Executing VM operation: HandshakeAllThreads
Event: 0.696 Executing VM operation: HandshakeAllThreads done
Event: 0.847 Executing VM operation: G1CollectForAllocation
Event: 0.853 Executing VM operation: G1CollectForAllocation done
Event: 0.902 Executing VM operation: HandshakeAllThreads
Event: 0.902 Executing VM operation: HandshakeAllThreads done
Event: 1.199 Executing VM operation: HandshakeAllThreads
Event: 1.199 Executing VM operation: HandshakeAllThreads done
Event: 1.296 Executing VM operation: HandshakeAllThreads
Event: 1.296 Executing VM operation: HandshakeAllThreads done
Event: 2.300 Executing VM operation: Cleanup
Event: 2.300 Executing VM operation: Cleanup done
Event: 5.320 Executing VM operation: Cleanup
Event: 5.320 Executing VM operation: Cleanup done

Events (20 events):
Event: 1.741 loading class jdk/internal/reflect/ByteVectorFactory
Event: 1.741 loading class jdk/internal/reflect/ByteVectorFactory done
Event: 1.741 loading class jdk/internal/reflect/ByteVectorImpl
Event: 1.741 loading class jdk/internal/reflect/ByteVector
Event: 1.741 loading class jdk/internal/reflect/ByteVector done
Event: 1.741 loading class jdk/internal/reflect/ByteVectorImpl done
Event: 1.741 loading class jdk/internal/reflect/ClassFileAssembler
Event: 1.741 loading class jdk/internal/reflect/ClassFileAssembler done
Event: 1.741 loading class jdk/internal/reflect/UTF8
Event: 1.741 loading class jdk/internal/reflect/UTF8 done
Event: 1.742 loading class jdk/internal/reflect/Label
Event: 1.742 loading class jdk/internal/reflect/Label done
Event: 1.742 loading class jdk/internal/reflect/Label$PatchInfo
Event: 1.742 loading class jdk/internal/reflect/Label$PatchInfo done
Event: 1.742 loading class jdk/internal/reflect/MethodAccessorGenerator$1
Event: 1.742 loading class jdk/internal/reflect/MethodAccessorGenerator$1 done
Event: 1.742 loading class jdk/internal/reflect/ClassDefiner
Event: 1.742 loading class jdk/internal/reflect/ClassDefiner done
Event: 1.742 loading class jdk/internal/reflect/ClassDefiner$1
Event: 1.742 loading class jdk/internal/reflect/ClassDefiner$1 done


Dynamic libraries:
0x00007ff68a930000 - 0x00007ff68a93a000 	C:\Program Files\Android\Android Studio\jbr\bin\java.exe
0x00007ffa71630000 - 0x00007ffa71828000 	C:\Windows\SYSTEM32\ntdll.dll
0x00007ffa713d0000 - 0x00007ffa71491000 	C:\Windows\System32\KERNEL32.DLL
0x00007ffa6f250000 - 0x00007ffa6f54d000 	C:\Windows\System32\KERNELBASE.dll
0x00007ffa6eec0000 - 0x00007ffa6efc0000 	C:\Windows\System32\ucrtbase.dll
0x00007ffa6ba30000 - 0x00007ffa6ba47000 	C:\Program Files\Android\Android Studio\jbr\bin\jli.dll
0x00007ffa59540000 - 0x00007ffa5955b000 	C:\Program Files\Android\Android Studio\jbr\bin\VCRUNTIME140.dll
0x00007ffa70b20000 - 0x00007ffa70cbd000 	C:\Windows\System32\USER32.dll
0x00007ffa6f220000 - 0x00007ffa6f242000 	C:\Windows\System32\win32u.dll
0x00007ffa71500000 - 0x00007ffa7152b000 	C:\Windows\System32\GDI32.dll
0x00007ffa58d60000 - 0x00007ffa58ffa000 	C:\Windows\WinSxS\amd64_microsoft.windows.common-controls_6595b64144ccf1df_6.0.19041.4355_none_60b8b9eb71f62e16\COMCTL32.dll
0x00007ffa6efc0000 - 0x00007ffa6f0d7000 	C:\Windows\System32\gdi32full.dll
0x00007ffa6f660000 - 0x00007ffa6f6fe000 	C:\Windows\System32\msvcrt.dll
0x00007ffa6f5c0000 - 0x00007ffa6f65d000 	C:\Windows\System32\msvcp_win.dll
0x00007ffa70f80000 - 0x00007ffa70faf000 	C:\Windows\System32\IMM32.DLL
0x00007ffa4ba20000 - 0x00007ffa4ba2c000 	C:\Program Files\Android\Android Studio\jbr\bin\vcruntime140_1.dll
0x00007ffa3e7c0000 - 0x00007ffa3e84d000 	C:\Program Files\Android\Android Studio\jbr\bin\msvcp140.dll
0x00007ff9fd050000 - 0x00007ff9fdcd3000 	C:\Program Files\Android\Android Studio\jbr\bin\server\jvm.dll
0x00007ffa70cc0000 - 0x00007ffa70d70000 	C:\Windows\System32\ADVAPI32.dll
0x00007ffa701a0000 - 0x00007ffa70240000 	C:\Windows\System32\sechost.dll
0x00007ffa70240000 - 0x00007ffa70363000 	C:\Windows\System32\RPCRT4.dll
0x00007ffa6ed30000 - 0x00007ffa6ed57000 	C:\Windows\System32\bcrypt.dll
0x00007ffa6ea20000 - 0x00007ffa6ea6b000 	C:\Windows\SYSTEM32\POWRPROF.dll
0x00007ffa6b770000 - 0x00007ffa6b779000 	C:\Windows\SYSTEM32\WSOCK32.dll
0x00007ffa5fac0000 - 0x00007ffa5fae7000 	C:\Windows\SYSTEM32\WINMM.dll
0x00007ffa67750000 - 0x00007ffa6775a000 	C:\Windows\SYSTEM32\VERSION.dll
0x00007ffa70e30000 - 0x00007ffa70e9b000 	C:\Windows\System32\WS2_32.dll
0x00007ffa6ea00000 - 0x00007ffa6ea12000 	C:\Windows\SYSTEM32\UMPDC.dll
0x00007ffa6cb60000 - 0x00007ffa6cb72000 	C:\Windows\SYSTEM32\kernel.appcore.dll
0x00007ffa4a740000 - 0x00007ffa4a74a000 	C:\Program Files\Android\Android Studio\jbr\bin\jimage.dll
0x00007ffa5f180000 - 0x00007ffa5f364000 	C:\Windows\SYSTEM32\DBGHELP.DLL
0x00007ffa55130000 - 0x00007ffa55164000 	C:\Windows\SYSTEM32\dbgcore.DLL
0x00007ffa6f190000 - 0x00007ffa6f212000 	C:\Windows\System32\bcryptPrimitives.dll
0x00007ffa3e460000 - 0x00007ffa3e485000 	C:\Program Files\Android\Android Studio\jbr\bin\java.dll
0x00007ffa3bb90000 - 0x00007ffa3bba8000 	C:\Program Files\Android\Android Studio\jbr\bin\zip.dll
0x00007ffa6f9b0000 - 0x00007ffa7011f000 	C:\Windows\System32\SHELL32.dll
0x00007ffa6cd60000 - 0x00007ffa6d503000 	C:\Windows\SYSTEM32\windows.storage.dll
0x00007ffa71070000 - 0x00007ffa713c3000 	C:\Windows\System32\combase.dll
0x00007ffa6e640000 - 0x00007ffa6e66e000 	C:\Windows\SYSTEM32\Wldp.dll
0x00007ffa6f8e0000 - 0x00007ffa6f9ad000 	C:\Windows\System32\OLEAUT32.dll
0x00007ffa70d80000 - 0x00007ffa70e2d000 	C:\Windows\System32\SHCORE.dll
0x00007ffa70ac0000 - 0x00007ffa70b15000 	C:\Windows\System32\shlwapi.dll
0x00007ffa6ec10000 - 0x00007ffa6ec34000 	C:\Windows\SYSTEM32\profapi.dll
0x00007ffa3bad0000 - 0x00007ffa3bae9000 	C:\Program Files\Android\Android Studio\jbr\bin\net.dll
0x00007ffa67d40000 - 0x00007ffa67e4d000 	C:\Windows\SYSTEM32\WINHTTP.dll
0x00007ffa6e3a0000 - 0x00007ffa6e40a000 	C:\Windows\system32\mswsock.dll
0x00007ffa3bab0000 - 0x00007ffa3bac6000 	C:\Program Files\Android\Android Studio\jbr\bin\nio.dll
0x00007ffa497e0000 - 0x00007ffa497f0000 	C:\Program Files\Android\Android Studio\jbr\bin\verify.dll
0x00007ffa44dc0000 - 0x00007ffa44de7000 	C:\Users\appo\.gradle\native\68d5fa5c4cc2d200863cafc0d521ce42e7d3e7ee720ec0a83991735586a16f82\windows-amd64\native-platform.dll
0x00007ffa494f0000 - 0x00007ffa494f9000 	C:\Program Files\Android\Android Studio\jbr\bin\management.dll
0x00007ffa493b0000 - 0x00007ffa493bb000 	C:\Program Files\Android\Android Studio\jbr\bin\management_ext.dll
0x00007ffa70d70000 - 0x00007ffa70d78000 	C:\Windows\System32\PSAPI.DLL
0x00007ffa6e5a0000 - 0x00007ffa6e5b8000 	C:\Windows\SYSTEM32\CRYPTSP.dll
0x00007ffa6dcc0000 - 0x00007ffa6dcf4000 	C:\Windows\system32\rsaenh.dll
0x00007ffa6ebd0000 - 0x00007ffa6ebfe000 	C:\Windows\SYSTEM32\USERENV.dll
0x00007ffa6e590000 - 0x00007ffa6e59c000 	C:\Windows\SYSTEM32\CRYPTBASE.dll
0x00007ffa6e080000 - 0x00007ffa6e0bb000 	C:\Windows\SYSTEM32\IPHLPAPI.DLL
0x00007ffa715e0000 - 0x00007ffa715e8000 	C:\Windows\System32\NSI.dll
0x00007ffa69640000 - 0x00007ffa69657000 	C:\Windows\SYSTEM32\dhcpcsvc6.DLL
0x00007ffa69620000 - 0x00007ffa6963d000 	C:\Windows\SYSTEM32\dhcpcsvc.DLL
0x00007ffa6e0c0000 - 0x00007ffa6e18a000 	C:\Windows\SYSTEM32\DNSAPI.dll
0x00007ffa4e600000 - 0x00007ffa4e607000 	C:\Windows\system32\wshunix.dll

dbghelp: loaded successfully - version: 4.0.5 - missing functions: none
symbol engine: initialized successfully - sym options: 0x614 - pdb path: .;C:\Program Files\Android\Android Studio\jbr\bin;C:\Windows\SYSTEM32;C:\Windows\WinSxS\amd64_microsoft.windows.common-controls_6595b64144ccf1df_6.0.19041.4355_none_60b8b9eb71f62e16;C:\Program Files\Android\Android Studio\jbr\bin\server;C:\Users\appo\.gradle\native\68d5fa5c4cc2d200863cafc0d521ce42e7d3e7ee720ec0a83991735586a16f82\windows-amd64

VM Arguments:
jvm_args: -Dorg.gradle.appname=gradlew 
java_command: org.gradle.wrapper.GradleWrapperMain -q -Ptarget-platform=android-x86 -Ptarget=C:\Users\appo\Desktop\chatapp\lib\main.dart -Pbase-application-name=android.app.Application -Pdart-obfuscation=false -Ptrack-widget-creation=true -Ptree-shake-icons=false -Pfilesystem-scheme=org-dartlang-root assembleDebug
java_class_path (initial): C:\Users\appo\Desktop\chatapp\android\\gradle\wrapper\gradle-wrapper.jar
Launcher Type: SUN_STANDARD

[Global flags]
     intx CICompilerCount                          = 4                                         {product} {ergonomic}
     uint ConcGCThreads                            = 2                                         {product} {ergonomic}
     uint G1ConcRefinementThreads                  = 8                                         {product} {ergonomic}
   size_t G1HeapRegionSize                         = 2097152                                   {product} {ergonomic}
    uintx GCDrainStackTargetSize                   = 64                                        {product} {ergonomic}
   size_t InitialHeapSize                          = 268435456                                 {product} {ergonomic}
   size_t MarkStackSize                            = 4194304                                   {product} {ergonomic}
   size_t MaxHeapSize                              = 4269801472                                {product} {ergonomic}
   size_t MaxNewSize                               = 2560622592                                {product} {ergonomic}
   size_t MinHeapDeltaBytes                        = 2097152                                   {product} {ergonomic}
   size_t MinHeapSize                              = 8388608                                   {product} {ergonomic}
    uintx NonNMethodCodeHeapSize                   = 5839372                                {pd product} {ergonomic}
    uintx NonProfiledCodeHeapSize                  = 122909434                              {pd product} {ergonomic}
    uintx ProfiledCodeHeapSize                     = 122909434                              {pd product} {ergonomic}
    uintx ReservedCodeCacheSize                    = 251658240                              {pd product} {ergonomic}
     bool SegmentedCodeCache                       = true                                      {product} {ergonomic}
   size_t SoftMaxHeapSize                          = 4269801472                             {manageable} {ergonomic}
     bool UseCompressedClassPointers               = true                           {product lp64_product} {ergonomic}
     bool UseCompressedOops                        = true                           {product lp64_product} {ergonomic}
     bool UseG1GC                                  = true                                      {product} {ergonomic}
     bool UseLargePagesIndividualAllocation        = false                                  {pd product} {ergonomic}

Logging:
Log output configuration:
 #0: stdout all=warning uptime,level,tags
 #1: stderr all=off uptime,level,tags

Environment Variables:
JAVA_HOME=C:\Program Files\Android\Android Studio\jbr
CLASSPATH=C:\Users\appo\Desktop\chatapp\android\\gradle\wrapper\gradle-wrapper.jar
PATH=C:\Program Files\Android\Android Studio\jbr\bin;C:\Program Files\Common Files\Oracle\Java\javapath;C:\Program Files (x86)\Common Files\Oracle\Java\java8path;C:\Program Files (x86)\Common Files\Oracle\Java\javapath;C:\Program Files (x86)\Razer\ChromaBroadcast\bin;C:\Program Files\Razer\ChromaBroadcast\bin;C:\Program Files (x86)\Common Files\Intel\Shared Libraries\redist\intel64\compiler;C:\Windows\system32;C:\Windows;C:\Windows\System32\Wbem;C:\Windows\System32\WindowsPowerShell\v1.0\;C:\Windows\System32\OpenSSH\;C:\Program Files (x86)\NVIDIA Corporation\PhysX\Common;C:\Program Files\NVIDIA Corporation\NVIDIA NvDLISR;C:\Program Files\dotnet\;C:\Users\appo\AppData\Local\Microsoft\WindowsApps;C:\Program Files\CMake\bin;C:\flutter\bin;C:\Program Files (x86)\Windows Kits\10\Windows Performance Toolkit\;C:\Users\appo\AppData\Local\Programs\Python\Python311\python.exe;C:\Program Files\nodejs\;C:\Users\appo\AppData\Local\Pub\Cache\bin;C:\Program Files\PuTTY\;C:\Program Files\Git\cmd;C:\Users\appo\AppData\Local\JSONBuddy;C:\Program Files\MySQL\MySQL Shell 8.0\bin\;C:\Users\appo\AppData\Local\Programs\Python\Python311\Scripts\;C:\Users\appo\AppData\Local\Programs\Python\Python311\python.exe;C:\Users\appo\AppData\Local\Microsoft\WindowsApps;C:\Program Files\JetBrains\PyCharm Community Edition 2023.1.2\bin;C:\\Users\appo\AppData\Local\Programs\Python\Python311;C:\Users\appo\AppData\Local\Programs\Python\Python311\Lib;C:\Users\appo\AppData\Local\Programs\Python\Python311\libs;C:\Users\appo\AppData\Local\Programs\Python\Python311\Tools\scripts;C:\Users\appo\AppData\Local\atom\bin;C:\AppServ\Apache24\bin;C:\AppServ\php7;C:\AppServ\MySQL\bin;C:\Users\appo\AppData\Local\Programs\Microsoft VS Code\bin;C:\Program Files\JetBrains\IntelliJ IDEA 2023.2.3\bin;;C:\Program Files\Git\bin\git.exe;C:\Users\appo\AppData\Roaming\npm;C:\kotlinc\bin;C:\flutter\flutter\bin;C:\Users\appo\AppData\Local\GitHubDesktop\bin;C:\flutter\flutter\bin\mingit\cmd;C:\flutter\flutter\bin\mingit\cmd
USERNAME=appo
OS=Windows_NT
PROCESSOR_IDENTIFIER=Intel64 Family 6 Model 165 Stepping 3, GenuineIntel
TMP=C:\Users\appo\AppData\Local\Temp
TEMP=C:\Users\appo\AppData\Local\Temp



Periodic native trim disabled

JNI global refs:
JNI global refs: 19, weak refs: 0

JNI global refs memory usage: 843, weak refs: 209

OOME stack traces (most recent first):
Classloader memory used:
Loader bootstrap                                                                       : 1505K
Loader org.gradle.internal.classloader.VisitableURLClassLoader                         : 521K
Loader java.net.URLClassLoader                                                         : 28200B
Loader jdk.internal.loader.ClassLoaders$AppClassLoader                                 : 18431B
Loader jdk.internal.loader.ClassLoaders$PlatformClassLoader                            : 14152B
Loader jdk.internal.reflect.DelegatingClassLoader                                      : 439B

Classes loaded by more than one classloader:
Class org.gradle.internal.installation.GradleInstallation                             : loaded 2 times (x 73B)
Class org.gradle.cli.ParsedCommandLine                                                : loaded 2 times (x 78B)
Class org.gradle.internal.classpath.ClassPath                                         : loaded 2 times (x 68B)
Class org.gradle.api.Action                                                           : loaded 2 times (x 68B)
Class org.gradle.cli.CommandLineParser$OptionString                                   : loaded 2 times (x 71B)
Class org.gradle.internal.installation.GradleInstallation$1                           : loaded 2 times (x 73B)
Class org.gradle.cli.CommandLineParser$AfterOptions                                   : loaded 2 times (x 75B)
Class org.gradle.cli.CommandLineParser$AfterFirstSubCommand                           : loaded 2 times (x 75B)
Class org.gradle.internal.service.UnknownServiceException                             : loaded 2 times (x 81B)
Class org.gradle.api.GradleException                                                  : loaded 2 times (x 80B)
Class org.gradle.api.internal.classpath.ModuleRegistry                                : loaded 2 times (x 68B)
Class org.gradle.cli.CommandLineParser$KnownOptionParserState                         : loaded 2 times (x 74B)
Class org.gradle.cli.AbstractPropertiesCommandLineConverter                           : loaded 2 times (x 81B)
Class org.gradle.api.specs.Spec                                                       : loaded 2 times (x 68B)
Class org.gradle.cli.SystemPropertiesCommandLineConverter                             : loaded 2 times (x 81B)
Class org.gradle.internal.IoActions                                                   : loaded 2 times (x 69B)
Class org.gradle.internal.installation.CurrentGradleInstallation                      : loaded 2 times (x 71B)
Class org.gradle.internal.installation.CurrentGradleInstallationLocator               : loaded 2 times (x 69B)
Class org.gradle.internal.classpath.DefaultClassPath                                  : loaded 2 times (x 88B)
Class org.gradle.cli.CommandLineParser                                                : loaded 2 times (x 77B)
Class org.gradle.cli.CommandLineParser$BeforeFirstSubCommand                          : loaded 2 times (x 75B)
Class org.gradle.cli.CommandLineOption                                                : loaded 2 times (x 84B)
Class org.gradle.cli.CommandLineParser$ParserState                                    : loaded 2 times (x 74B)
Class org.gradle.cli.CommandLineParser$MissingOptionArgState                          : loaded 2 times (x 75B)
Class org.gradle.api.UncheckedIOException                                             : loaded 2 times (x 80B)
Class org.gradle.cli.ParsedCommandLineOption                                          : loaded 2 times (x 74B)
Class org.gradle.internal.classloader.ClasspathUtil                                   : loaded 2 times (x 69B)
Class org.gradle.cli.CommandLineParser$UnknownOptionParserState                       : loaded 2 times (x 74B)
Class org.gradle.internal.service.ServiceLookupException                              : loaded 2 times (x 80B)
Class org.gradle.util.internal.GUtil                                                  : loaded 2 times (x 69B)
Class org.gradle.cli.CommandLineParser$OptionAwareParserState                         : loaded 2 times (x 75B)
Class org.gradle.cli.CommandLineParser$OptionParserState                              : loaded 2 times (x 73B)
Class org.gradle.internal.Cast                                                        : loaded 2 times (x 69B)
Class org.gradle.cli.CommandLineConverter                                             : loaded 2 times (x 68B)
Class org.gradle.internal.InternalTransformer                                         : loaded 2 times (x 68B)
Class org.gradle.internal.classpath.DefaultClassPath$ImmutableUniqueList              : loaded 2 times (x 159B)
Class org.gradle.cli.AbstractCommandLineConverter                                     : loaded 2 times (x 77B)
Class org.gradle.cli.CommandLineArgumentException                                     : loaded 2 times (x 80B)


---------------  S Y S T E M  ---------------

OS:
 Windows 10 , 64 bit Build 19041 (10.0.19041.4842)
OS uptime: 11 days 13:47 hours

CPU: total 8 (initial active 8) (4 cores per cpu, 2 threads per core) family 6 model 165 stepping 3 microcode 0xf0, cx8, cmov, fxsr, ht, mmx, 3dnowpref, sse, sse2, sse3, ssse3, sse4.1, sse4.2, popcnt, lzcnt, tsc, tscinvbit, avx, avx2, aes, erms, clmul, bmi1, bmi2, adx, fma, vzeroupper, clflush, clflushopt
Processor Information for all 8 processors :
  Max Mhz: 3600, Current Mhz: 3600, Mhz Limit: 3600

Memory: 4k page, system-wide physical 16281M (554M free)
TotalPageFile size 30345M (AvailPageFile size 3M)
current process WorkingSet (physical memory assigned to process): 91M, peak: 95M
current process commit charge ("private bytes"): 360M, peak: 365M

vm_info: OpenJDK 64-Bit Server VM (17.0.9+0--11185874) for windows-amd64 JRE (17.0.9+0--11185874), built on Dec  6 2023 18:57:44 by "androidbuild" with MS VC++ 16.10 / 16.11 (VS2019)

END.
