#
# There is insufficient memory for the Java Runtime Environment to continue.
# Native memory allocation (malloc) failed to allocate 32744 bytes for ChunkPool::allocate
# Possible reasons:
#   The system is out of physical RAM or swap space
#   The process is running with CompressedOops enabled, and the Java Heap may be blocking the growth of the native heap
# Possible solutions:
#   Reduce memory load on the system
#   Increase physical memory or swap space
#   Check if swap backing store is full
#   Decrease Java heap size (-Xmx/-Xms)
#   Decrease number of Java threads
#   Decrease Java thread stack sizes (-Xss)
#   Set larger code cache with -XX:ReservedCodeCacheSize=
#   JVM is running with Zero Based Compressed Oops mode in which the Java heap is
#     placed in the first 32GB address space. The Java Heap base address is the
#     maximum limit for the native heap growth. Please use -XX:HeapBaseMinAddress
#     to set the Java Heap base and to place the Java Heap above 32GB virtual address.
# This output file may be truncated or incomplete.
#
#  Out of Memory Error (arena.cpp:79), pid=21776, tid=15872
#
# JRE version: OpenJDK Runtime Environment (17.0.9) (build 17.0.9+0--11185874)
# Java VM: OpenJDK 64-Bit Server VM (17.0.9+0--11185874, mixed mode, tiered, compressed oops, compressed class ptrs, g1 gc, windows-amd64)
# No core dump will be written. Minidumps are not enabled by default on client versions of Windows
#

---------------  S U M M A R Y ------------

Command Line: -Dorg.gradle.appname=gradlew org.gradle.wrapper.GradleWrapperMain -q -Ptarget-platform=android-x86 -Ptarget=C:\Users\appo\Desktop\chatapp\lib\main.dart -Pbase-application-name=android.app.Application -Pdart-obfuscation=false -Ptrack-widget-creation=true -Ptree-shake-icons=false -Pfilesystem-scheme=org-dartlang-root assembleDebug

Host: Intel(R) Core(TM) i3-10100F CPU @ 3.60GHz, 8 cores, 15G,  Windows 10 , 64 bit Build 19041 (10.0.19041.4842)
Time: Fri Oct 11 03:36:19 2024 Azerbaijan Standard Time elapsed time: 0.523490 seconds (0d 0h 0m 0s)

---------------  T H R E A D  ---------------

Current thread (0x00000194680d3140):  JavaThread "C1 CompilerThread0" daemon [_thread_in_native, id=15872, stack(0x0000003f85e00000,0x0000003f85f00000)]


Current CompileTask:
C1:    523  437       3       java.util.regex.Pattern::compile (500 bytes)

Stack: [0x0000003f85e00000,0x0000003f85f00000]
Native frames: (J=compiled Java code, j=interpreted, Vv=VM code, C=native code)
V  [jvm.dll+0x6886e9]
V  [jvm.dll+0x841e4a]
V  [jvm.dll+0x843a8e]
V  [jvm.dll+0x8440f3]
V  [jvm.dll+0x24c14f]
V  [jvm.dll+0xac66c]
V  [jvm.dll+0xaca9c]
V  [jvm.dll+0x1804a3]
V  [jvm.dll+0x17ccd7]
V  [jvm.dll+0x137243]
V  [jvm.dll+0x136b4f]
V  [jvm.dll+0x136d86]
V  [jvm.dll+0x13621a]
V  [jvm.dll+0x137ed1]
V  [jvm.dll+0x22d088]
V  [jvm.dll+0x22b1c0]
V  [jvm.dll+0x7f62f7]
V  [jvm.dll+0x7f06aa]
V  [jvm.dll+0x687565]
C  [ucrtbase.dll+0x21bb2]
C  [KERNEL32.DLL+0x17374]
C  [ntdll.dll+0x4cc91]


---------------  P R O C E S S  ---------------

Threads class SMR info:
_java_thread_list=0x0000019443056870, length=12, elements={
0x00000194451e36a0, 0x000001946805ea40, 0x0000019468060ae0, 0x00000194680b1800,
0x00000194680b21c0, 0x00000194680b2b80, 0x00000194680b4170, 0x00000194680ca410,
0x00000194680d3140, 0x00000194680d7280, 0x0000019468235f70, 0x0000019468248d20
}

Java Threads: ( => current thread )
  0x00000194451e36a0 JavaThread "main" [_thread_in_native, id=8220, stack(0x0000003f85000000,0x0000003f85100000)]
  0x000001946805ea40 JavaThread "Reference Handler" daemon [_thread_blocked, id=19312, stack(0x0000003f85700000,0x0000003f85800000)]
  0x0000019468060ae0 JavaThread "Finalizer" daemon [_thread_blocked, id=21316, stack(0x0000003f85800000,0x0000003f85900000)]
  0x00000194680b1800 JavaThread "Signal Dispatcher" daemon [_thread_blocked, id=5560, stack(0x0000003f85900000,0x0000003f85a00000)]
  0x00000194680b21c0 JavaThread "Attach Listener" daemon [_thread_blocked, id=19504, stack(0x0000003f85a00000,0x0000003f85b00000)]
  0x00000194680b2b80 JavaThread "Service Thread" daemon [_thread_blocked, id=22260, stack(0x0000003f85b00000,0x0000003f85c00000)]
  0x00000194680b4170 JavaThread "Monitor Deflation Thread" daemon [_thread_blocked, id=6368, stack(0x0000003f85c00000,0x0000003f85d00000)]
  0x00000194680ca410 JavaThread "C2 CompilerThread0" daemon [_thread_blocked, id=10384, stack(0x0000003f85d00000,0x0000003f85e00000)]
=>0x00000194680d3140 JavaThread "C1 CompilerThread0" daemon [_thread_in_native, id=15872, stack(0x0000003f85e00000,0x0000003f85f00000)]
  0x00000194680d7280 JavaThread "Sweeper thread" daemon [_thread_blocked, id=11184, stack(0x0000003f85f00000,0x0000003f86000000)]
  0x0000019468235f70 JavaThread "Notification Thread" daemon [_thread_blocked, id=20908, stack(0x0000003f86000000,0x0000003f86100000)]
  0x0000019468248d20 JavaThread "Common-Cleaner" daemon [_thread_blocked, id=18612, stack(0x0000003f86200000,0x0000003f86300000)]

Other Threads:
  0x0000019463baed00 VMThread "VM Thread" [stack: 0x0000003f85600000,0x0000003f85700000] [id=1340]
  0x0000019468236450 WatcherThread [stack: 0x0000003f86100000,0x0000003f86200000] [id=4364]
  0x000001944524dbe0 GCTaskThread "GC Thread#0" [stack: 0x0000003f85100000,0x0000003f85200000] [id=14944]
  0x000001944525e9b0 ConcurrentGCThread "G1 Main Marker" [stack: 0x0000003f85200000,0x0000003f85300000] [id=20988]
  0x000001944525fb70 ConcurrentGCThread "G1 Conc#0" [stack: 0x0000003f85300000,0x0000003f85400000] [id=18412]
  0x0000019463a59240 ConcurrentGCThread "G1 Refine#0" [stack: 0x0000003f85400000,0x0000003f85500000] [id=11104]
  0x0000019463a59c70 ConcurrentGCThread "G1 Service" [stack: 0x0000003f85500000,0x0000003f85600000] [id=20008]

Threads with active compile tasks:
C1 CompilerThread0      542  437       3       java.util.regex.Pattern::compile (500 bytes)

VM state: not at safepoint (normal execution)

VM Mutex/Monitor currently owned by a thread: None

Heap address: 0x0000000701800000, size: 4072 MB, Compressed Oops mode: Zero based, Oop shift amount: 3

CDS archive(s) not mapped
Compressed class space mapped at: 0x0000000800000000-0x0000000840000000, reserved size: 1073741824
Narrow klass base: 0x0000000800000000, Narrow klass shift: 0, Narrow klass range: 0x40000000

GC Precious Log:
 CPUs: 8 total, 8 available
 Memory: 16281M
 Large Page Support: Disabled
 NUMA Support: Disabled
 Compressed Oops: Enabled (Zero based)
 Heap Region Size: 2M
 Heap Min Capacity: 8M
 Heap Initial Capacity: 256M
 Heap Max Capacity: 4072M
 Pre-touch: Disabled
 Parallel Workers: 8
 Concurrent Workers: 2
 Concurrent Refinement Workers: 8
 Periodic GC: Disabled

Heap:
 garbage-first heap   total 262144K, used 8192K [0x0000000701800000, 0x0000000800000000)
  region size 2048K, 5 young (10240K), 0 survivors (0K)
 Metaspace       used 8223K, committed 8320K, reserved 1114112K
  class space    used 728K, committed 768K, reserved 1048576K

Heap Regions: E=young(eden), S=young(survivor), O=old, HS=humongous(starts), HC=humongous(continues), CS=collection set, F=free, OA=open archive, CA=closed archive, TAMS=top-at-mark-start (previous, next)
|   0|0x0000000701800000, 0x0000000701800000, 0x0000000701a00000|  0%| F|  |TAMS 0x0000000701800000, 0x0000000701800000| Untracked 
|   1|0x0000000701a00000, 0x0000000701a00000, 0x0000000701c00000|  0%| F|  |TAMS 0x0000000701a00000, 0x0000000701a00000| Untracked 
|   2|0x0000000701c00000, 0x0000000701c00000, 0x0000000701e00000|  0%| F|  |TAMS 0x0000000701c00000, 0x0000000701c00000| Untracked 
|   3|0x0000000701e00000, 0x0000000701e00000, 0x0000000702000000|  0%| F|  |TAMS 0x0000000701e00000, 0x0000000701e00000| Untracked 
|   4|0x0000000702000000, 0x0000000702000000, 0x0000000702200000|  0%| F|  |TAMS 0x0000000702000000, 0x0000000702000000| Untracked 
|   5|0x0000000702200000, 0x0000000702200000, 0x0000000702400000|  0%| F|  |TAMS 0x0000000702200000, 0x0000000702200000| Untracked 
|   6|0x0000000702400000, 0x0000000702400000, 0x0000000702600000|  0%| F|  |TAMS 0x0000000702400000, 0x0000000702400000| Untracked 
|   7|0x0000000702600000, 0x0000000702600000, 0x0000000702800000|  0%| F|  |TAMS 0x0000000702600000, 0x0000000702600000| Untracked 
|   8|0x0000000702800000, 0x0000000702800000, 0x0000000702a00000|  0%| F|  |TAMS 0x0000000702800000, 0x0000000702800000| Untracked 
|   9|0x0000000702a00000, 0x0000000702a00000, 0x0000000702c00000|  0%| F|  |TAMS 0x0000000702a00000, 0x0000000702a00000| Untracked 
|  10|0x0000000702c00000, 0x0000000702c00000, 0x0000000702e00000|  0%| F|  |TAMS 0x0000000702c00000, 0x0000000702c00000| Untracked 
|  11|0x0000000702e00000, 0x0000000702e00000, 0x0000000703000000|  0%| F|  |TAMS 0x0000000702e00000, 0x0000000702e00000| Untracked 
|  12|0x0000000703000000, 0x0000000703000000, 0x0000000703200000|  0%| F|  |TAMS 0x0000000703000000, 0x0000000703000000| Untracked 
|  13|0x0000000703200000, 0x0000000703200000, 0x0000000703400000|  0%| F|  |TAMS 0x0000000703200000, 0x0000000703200000| Untracked 
|  14|0x0000000703400000, 0x0000000703400000, 0x0000000703600000|  0%| F|  |TAMS 0x0000000703400000, 0x0000000703400000| Untracked 
|  15|0x0000000703600000, 0x0000000703600000, 0x0000000703800000|  0%| F|  |TAMS 0x0000000703600000, 0x0000000703600000| Untracked 
|  16|0x0000000703800000, 0x0000000703800000, 0x0000000703a00000|  0%| F|  |TAMS 0x0000000703800000, 0x0000000703800000| Untracked 
|  17|0x0000000703a00000, 0x0000000703a00000, 0x0000000703c00000|  0%| F|  |TAMS 0x0000000703a00000, 0x0000000703a00000| Untracked 
|  18|0x0000000703c00000, 0x0000000703c00000, 0x0000000703e00000|  0%| F|  |TAMS 0x0000000703c00000, 0x0000000703c00000| Untracked 
|  19|0x0000000703e00000, 0x0000000703e00000, 0x0000000704000000|  0%| F|  |TAMS 0x0000000703e00000, 0x0000000703e00000| Untracked 
|  20|0x0000000704000000, 0x0000000704000000, 0x0000000704200000|  0%| F|  |TAMS 0x0000000704000000, 0x0000000704000000| Untracked 
|  21|0x0000000704200000, 0x0000000704200000, 0x0000000704400000|  0%| F|  |TAMS 0x0000000704200000, 0x0000000704200000| Untracked 
|  22|0x0000000704400000, 0x0000000704400000, 0x0000000704600000|  0%| F|  |TAMS 0x0000000704400000, 0x0000000704400000| Untracked 
|  23|0x0000000704600000, 0x0000000704600000, 0x0000000704800000|  0%| F|  |TAMS 0x0000000704600000, 0x0000000704600000| Untracked 
|  24|0x0000000704800000, 0x0000000704800000, 0x0000000704a00000|  0%| F|  |TAMS 0x0000000704800000, 0x0000000704800000| Untracked 
|  25|0x0000000704a00000, 0x0000000704a00000, 0x0000000704c00000|  0%| F|  |TAMS 0x0000000704a00000, 0x0000000704a00000| Untracked 
|  26|0x0000000704c00000, 0x0000000704c00000, 0x0000000704e00000|  0%| F|  |TAMS 0x0000000704c00000, 0x0000000704c00000| Untracked 
|  27|0x0000000704e00000, 0x0000000704e00000, 0x0000000705000000|  0%| F|  |TAMS 0x0000000704e00000, 0x0000000704e00000| Untracked 
|  28|0x0000000705000000, 0x0000000705000000, 0x0000000705200000|  0%| F|  |TAMS 0x0000000705000000, 0x0000000705000000| Untracked 
|  29|0x0000000705200000, 0x0000000705200000, 0x0000000705400000|  0%| F|  |TAMS 0x0000000705200000, 0x0000000705200000| Untracked 
|  30|0x0000000705400000, 0x0000000705400000, 0x0000000705600000|  0%| F|  |TAMS 0x0000000705400000, 0x0000000705400000| Untracked 
|  31|0x0000000705600000, 0x0000000705600000, 0x0000000705800000|  0%| F|  |TAMS 0x0000000705600000, 0x0000000705600000| Untracked 
|  32|0x0000000705800000, 0x0000000705800000, 0x0000000705a00000|  0%| F|  |TAMS 0x0000000705800000, 0x0000000705800000| Untracked 
|  33|0x0000000705a00000, 0x0000000705a00000, 0x0000000705c00000|  0%| F|  |TAMS 0x0000000705a00000, 0x0000000705a00000| Untracked 
|  34|0x0000000705c00000, 0x0000000705c00000, 0x0000000705e00000|  0%| F|  |TAMS 0x0000000705c00000, 0x0000000705c00000| Untracked 
|  35|0x0000000705e00000, 0x0000000705e00000, 0x0000000706000000|  0%| F|  |TAMS 0x0000000705e00000, 0x0000000705e00000| Untracked 
|  36|0x0000000706000000, 0x0000000706000000, 0x0000000706200000|  0%| F|  |TAMS 0x0000000706000000, 0x0000000706000000| Untracked 
|  37|0x0000000706200000, 0x0000000706200000, 0x0000000706400000|  0%| F|  |TAMS 0x0000000706200000, 0x0000000706200000| Untracked 
|  38|0x0000000706400000, 0x0000000706400000, 0x0000000706600000|  0%| F|  |TAMS 0x0000000706400000, 0x0000000706400000| Untracked 
|  39|0x0000000706600000, 0x0000000706600000, 0x0000000706800000|  0%| F|  |TAMS 0x0000000706600000, 0x0000000706600000| Untracked 
|  40|0x0000000706800000, 0x0000000706800000, 0x0000000706a00000|  0%| F|  |TAMS 0x0000000706800000, 0x0000000706800000| Untracked 
|  41|0x0000000706a00000, 0x0000000706a00000, 0x0000000706c00000|  0%| F|  |TAMS 0x0000000706a00000, 0x0000000706a00000| Untracked 
|  42|0x0000000706c00000, 0x0000000706c00000, 0x0000000706e00000|  0%| F|  |TAMS 0x0000000706c00000, 0x0000000706c00000| Untracked 
|  43|0x0000000706e00000, 0x0000000706e00000, 0x0000000707000000|  0%| F|  |TAMS 0x0000000706e00000, 0x0000000706e00000| Untracked 
|  44|0x0000000707000000, 0x0000000707000000, 0x0000000707200000|  0%| F|  |TAMS 0x0000000707000000, 0x0000000707000000| Untracked 
|  45|0x0000000707200000, 0x0000000707200000, 0x0000000707400000|  0%| F|  |TAMS 0x0000000707200000, 0x0000000707200000| Untracked 
|  46|0x0000000707400000, 0x0000000707400000, 0x0000000707600000|  0%| F|  |TAMS 0x0000000707400000, 0x0000000707400000| Untracked 
|  47|0x0000000707600000, 0x0000000707600000, 0x0000000707800000|  0%| F|  |TAMS 0x0000000707600000, 0x0000000707600000| Untracked 
|  48|0x0000000707800000, 0x0000000707800000, 0x0000000707a00000|  0%| F|  |TAMS 0x0000000707800000, 0x0000000707800000| Untracked 
|  49|0x0000000707a00000, 0x0000000707a00000, 0x0000000707c00000|  0%| F|  |TAMS 0x0000000707a00000, 0x0000000707a00000| Untracked 
|  50|0x0000000707c00000, 0x0000000707c00000, 0x0000000707e00000|  0%| F|  |TAMS 0x0000000707c00000, 0x0000000707c00000| Untracked 
|  51|0x0000000707e00000, 0x0000000707e00000, 0x0000000708000000|  0%| F|  |TAMS 0x0000000707e00000, 0x0000000707e00000| Untracked 
|  52|0x0000000708000000, 0x0000000708000000, 0x0000000708200000|  0%| F|  |TAMS 0x0000000708000000, 0x0000000708000000| Untracked 
|  53|0x0000000708200000, 0x0000000708200000, 0x0000000708400000|  0%| F|  |TAMS 0x0000000708200000, 0x0000000708200000| Untracked 
|  54|0x0000000708400000, 0x0000000708400000, 0x0000000708600000|  0%| F|  |TAMS 0x0000000708400000, 0x0000000708400000| Untracked 
|  55|0x0000000708600000, 0x0000000708600000, 0x0000000708800000|  0%| F|  |TAMS 0x0000000708600000, 0x0000000708600000| Untracked 
|  56|0x0000000708800000, 0x0000000708800000, 0x0000000708a00000|  0%| F|  |TAMS 0x0000000708800000, 0x0000000708800000| Untracked 
|  57|0x0000000708a00000, 0x0000000708a00000, 0x0000000708c00000|  0%| F|  |TAMS 0x0000000708a00000, 0x0000000708a00000| Untracked 
|  58|0x0000000708c00000, 0x0000000708c00000, 0x0000000708e00000|  0%| F|  |TAMS 0x0000000708c00000, 0x0000000708c00000| Untracked 
|  59|0x0000000708e00000, 0x0000000708e00000, 0x0000000709000000|  0%| F|  |TAMS 0x0000000708e00000, 0x0000000708e00000| Untracked 
|  60|0x0000000709000000, 0x0000000709000000, 0x0000000709200000|  0%| F|  |TAMS 0x0000000709000000, 0x0000000709000000| Untracked 
|  61|0x0000000709200000, 0x0000000709200000, 0x0000000709400000|  0%| F|  |TAMS 0x0000000709200000, 0x0000000709200000| Untracked 
|  62|0x0000000709400000, 0x0000000709400000, 0x0000000709600000|  0%| F|  |TAMS 0x0000000709400000, 0x0000000709400000| Untracked 
|  63|0x0000000709600000, 0x0000000709600000, 0x0000000709800000|  0%| F|  |TAMS 0x0000000709600000, 0x0000000709600000| Untracked 
|  64|0x0000000709800000, 0x0000000709800000, 0x0000000709a00000|  0%| F|  |TAMS 0x0000000709800000, 0x0000000709800000| Untracked 
|  65|0x0000000709a00000, 0x0000000709a00000, 0x0000000709c00000|  0%| F|  |TAMS 0x0000000709a00000, 0x0000000709a00000| Untracked 
|  66|0x0000000709c00000, 0x0000000709c00000, 0x0000000709e00000|  0%| F|  |TAMS 0x0000000709c00000, 0x0000000709c00000| Untracked 
|  67|0x0000000709e00000, 0x0000000709e00000, 0x000000070a000000|  0%| F|  |TAMS 0x0000000709e00000, 0x0000000709e00000| Untracked 
|  68|0x000000070a000000, 0x000000070a000000, 0x000000070a200000|  0%| F|  |TAMS 0x000000070a000000, 0x000000070a000000| Untracked 
|  69|0x000000070a200000, 0x000000070a200000, 0x000000070a400000|  0%| F|  |TAMS 0x000000070a200000, 0x000000070a200000| Untracked 
|  70|0x000000070a400000, 0x000000070a400000, 0x000000070a600000|  0%| F|  |TAMS 0x000000070a400000, 0x000000070a400000| Untracked 
|  71|0x000000070a600000, 0x000000070a600000, 0x000000070a800000|  0%| F|  |TAMS 0x000000070a600000, 0x000000070a600000| Untracked 
|  72|0x000000070a800000, 0x000000070a800000, 0x000000070aa00000|  0%| F|  |TAMS 0x000000070a800000, 0x000000070a800000| Untracked 
|  73|0x000000070aa00000, 0x000000070aa00000, 0x000000070ac00000|  0%| F|  |TAMS 0x000000070aa00000, 0x000000070aa00000| Untracked 
|  74|0x000000070ac00000, 0x000000070ac00000, 0x000000070ae00000|  0%| F|  |TAMS 0x000000070ac00000, 0x000000070ac00000| Untracked 
|  75|0x000000070ae00000, 0x000000070ae00000, 0x000000070b000000|  0%| F|  |TAMS 0x000000070ae00000, 0x000000070ae00000| Untracked 
|  76|0x000000070b000000, 0x000000070b000000, 0x000000070b200000|  0%| F|  |TAMS 0x000000070b000000, 0x000000070b000000| Untracked 
|  77|0x000000070b200000, 0x000000070b200000, 0x000000070b400000|  0%| F|  |TAMS 0x000000070b200000, 0x000000070b200000| Untracked 
|  78|0x000000070b400000, 0x000000070b400000, 0x000000070b600000|  0%| F|  |TAMS 0x000000070b400000, 0x000000070b400000| Untracked 
|  79|0x000000070b600000, 0x000000070b600000, 0x000000070b800000|  0%| F|  |TAMS 0x000000070b600000, 0x000000070b600000| Untracked 
|  80|0x000000070b800000, 0x000000070b800000, 0x000000070ba00000|  0%| F|  |TAMS 0x000000070b800000, 0x000000070b800000| Untracked 
|  81|0x000000070ba00000, 0x000000070ba00000, 0x000000070bc00000|  0%| F|  |TAMS 0x000000070ba00000, 0x000000070ba00000| Untracked 
|  82|0x000000070bc00000, 0x000000070bc00000, 0x000000070be00000|  0%| F|  |TAMS 0x000000070bc00000, 0x000000070bc00000| Untracked 
|  83|0x000000070be00000, 0x000000070be00000, 0x000000070c000000|  0%| F|  |TAMS 0x000000070be00000, 0x000000070be00000| Untracked 
|  84|0x000000070c000000, 0x000000070c000000, 0x000000070c200000|  0%| F|  |TAMS 0x000000070c000000, 0x000000070c000000| Untracked 
|  85|0x000000070c200000, 0x000000070c200000, 0x000000070c400000|  0%| F|  |TAMS 0x000000070c200000, 0x000000070c200000| Untracked 
|  86|0x000000070c400000, 0x000000070c400000, 0x000000070c600000|  0%| F|  |TAMS 0x000000070c400000, 0x000000070c400000| Untracked 
|  87|0x000000070c600000, 0x000000070c600000, 0x000000070c800000|  0%| F|  |TAMS 0x000000070c600000, 0x000000070c600000| Untracked 
|  88|0x000000070c800000, 0x000000070c800000, 0x000000070ca00000|  0%| F|  |TAMS 0x000000070c800000, 0x000000070c800000| Untracked 
|  89|0x000000070ca00000, 0x000000070ca00000, 0x000000070cc00000|  0%| F|  |TAMS 0x000000070ca00000, 0x000000070ca00000| Untracked 
|  90|0x000000070cc00000, 0x000000070cc00000, 0x000000070ce00000|  0%| F|  |TAMS 0x000000070cc00000, 0x000000070cc00000| Untracked 
|  91|0x000000070ce00000, 0x000000070ce00000, 0x000000070d000000|  0%| F|  |TAMS 0x000000070ce00000, 0x000000070ce00000| Untracked 
|  92|0x000000070d000000, 0x000000070d000000, 0x000000070d200000|  0%| F|  |TAMS 0x000000070d000000, 0x000000070d000000| Untracked 
|  93|0x000000070d200000, 0x000000070d200000, 0x000000070d400000|  0%| F|  |TAMS 0x000000070d200000, 0x000000070d200000| Untracked 
|  94|0x000000070d400000, 0x000000070d400000, 0x000000070d600000|  0%| F|  |TAMS 0x000000070d400000, 0x000000070d400000| Untracked 
|  95|0x000000070d600000, 0x000000070d600000, 0x000000070d800000|  0%| F|  |TAMS 0x000000070d600000, 0x000000070d600000| Untracked 
|  96|0x000000070d800000, 0x000000070d800000, 0x000000070da00000|  0%| F|  |TAMS 0x000000070d800000, 0x000000070d800000| Untracked 
|  97|0x000000070da00000, 0x000000070da00000, 0x000000070dc00000|  0%| F|  |TAMS 0x000000070da00000, 0x000000070da00000| Untracked 
|  98|0x000000070dc00000, 0x000000070dc00000, 0x000000070de00000|  0%| F|  |TAMS 0x000000070dc00000, 0x000000070dc00000| Untracked 
|  99|0x000000070de00000, 0x000000070de00000, 0x000000070e000000|  0%| F|  |TAMS 0x000000070de00000, 0x000000070de00000| Untracked 
| 100|0x000000070e000000, 0x000000070e000000, 0x000000070e200000|  0%| F|  |TAMS 0x000000070e000000, 0x000000070e000000| Untracked 
| 101|0x000000070e200000, 0x000000070e200000, 0x000000070e400000|  0%| F|  |TAMS 0x000000070e200000, 0x000000070e200000| Untracked 
| 102|0x000000070e400000, 0x000000070e400000, 0x000000070e600000|  0%| F|  |TAMS 0x000000070e400000, 0x000000070e400000| Untracked 
| 103|0x000000070e600000, 0x000000070e600000, 0x000000070e800000|  0%| F|  |TAMS 0x000000070e600000, 0x000000070e600000| Untracked 
| 104|0x000000070e800000, 0x000000070e800000, 0x000000070ea00000|  0%| F|  |TAMS 0x000000070e800000, 0x000000070e800000| Untracked 
| 105|0x000000070ea00000, 0x000000070ea00000, 0x000000070ec00000|  0%| F|  |TAMS 0x000000070ea00000, 0x000000070ea00000| Untracked 
| 106|0x000000070ec00000, 0x000000070ec00000, 0x000000070ee00000|  0%| F|  |TAMS 0x000000070ec00000, 0x000000070ec00000| Untracked 
| 107|0x000000070ee00000, 0x000000070ee00000, 0x000000070f000000|  0%| F|  |TAMS 0x000000070ee00000, 0x000000070ee00000| Untracked 
| 108|0x000000070f000000, 0x000000070f000000, 0x000000070f200000|  0%| F|  |TAMS 0x000000070f000000, 0x000000070f000000| Untracked 
| 109|0x000000070f200000, 0x000000070f200000, 0x000000070f400000|  0%| F|  |TAMS 0x000000070f200000, 0x000000070f200000| Untracked 
| 110|0x000000070f400000, 0x000000070f400000, 0x000000070f600000|  0%| F|  |TAMS 0x000000070f400000, 0x000000070f400000| Untracked 
| 111|0x000000070f600000, 0x000000070f600000, 0x000000070f800000|  0%| F|  |TAMS 0x000000070f600000, 0x000000070f600000| Untracked 
| 112|0x000000070f800000, 0x000000070f800000, 0x000000070fa00000|  0%| F|  |TAMS 0x000000070f800000, 0x000000070f800000| Untracked 
| 113|0x000000070fa00000, 0x000000070fa00000, 0x000000070fc00000|  0%| F|  |TAMS 0x000000070fa00000, 0x000000070fa00000| Untracked 
| 114|0x000000070fc00000, 0x000000070fc00000, 0x000000070fe00000|  0%| F|  |TAMS 0x000000070fc00000, 0x000000070fc00000| Untracked 
| 115|0x000000070fe00000, 0x000000070fe00000, 0x0000000710000000|  0%| F|  |TAMS 0x000000070fe00000, 0x000000070fe00000| Untracked 
| 116|0x0000000710000000, 0x0000000710000000, 0x0000000710200000|  0%| F|  |TAMS 0x0000000710000000, 0x0000000710000000| Untracked 
| 117|0x0000000710200000, 0x0000000710200000, 0x0000000710400000|  0%| F|  |TAMS 0x0000000710200000, 0x0000000710200000| Untracked 
| 118|0x0000000710400000, 0x0000000710400000, 0x0000000710600000|  0%| F|  |TAMS 0x0000000710400000, 0x0000000710400000| Untracked 
| 119|0x0000000710600000, 0x0000000710600000, 0x0000000710800000|  0%| F|  |TAMS 0x0000000710600000, 0x0000000710600000| Untracked 
| 120|0x0000000710800000, 0x0000000710800000, 0x0000000710a00000|  0%| F|  |TAMS 0x0000000710800000, 0x0000000710800000| Untracked 
| 121|0x0000000710a00000, 0x0000000710a00000, 0x0000000710c00000|  0%| F|  |TAMS 0x0000000710a00000, 0x0000000710a00000| Untracked 
| 122|0x0000000710c00000, 0x0000000710c00000, 0x0000000710e00000|  0%| F|  |TAMS 0x0000000710c00000, 0x0000000710c00000| Untracked 
| 123|0x0000000710e00000, 0x0000000710fc36c8, 0x0000000711000000| 88%| E|  |TAMS 0x0000000710e00000, 0x0000000710e00000| Complete 
| 124|0x0000000711000000, 0x0000000711200000, 0x0000000711200000|100%| E|CS|TAMS 0x0000000711000000, 0x0000000711000000| Complete 
| 125|0x0000000711200000, 0x0000000711400000, 0x0000000711400000|100%| E|CS|TAMS 0x0000000711200000, 0x0000000711200000| Complete 
| 126|0x0000000711400000, 0x0000000711600000, 0x0000000711600000|100%| E|CS|TAMS 0x0000000711400000, 0x0000000711400000| Complete 
| 127|0x0000000711600000, 0x0000000711800000, 0x0000000711800000|100%| E|CS|TAMS 0x0000000711600000, 0x0000000711600000| Complete 

Card table byte_map: [0x00000194581e0000,0x00000194589e0000] _byte_map_base: 0x00000194549d4000

Marking Bits (Prev, Next): (CMBitMap*) 0x000001944524e200, (CMBitMap*) 0x000001944524e240
 Prev Bits: [0x00000194591e0000, 0x000001945d180000)
 Next Bits: [0x000001945d180000, 0x0000019461120000)

Polling page: 0x0000019442fc0000

Metaspace:

Usage:
  Non-class:      7.32 MB used.
      Class:    728.57 KB used.
       Both:      8.03 MB used.

Virtual space:
  Non-class space:       64.00 MB reserved,       7.38 MB ( 12%) committed,  1 nodes.
      Class space:        1.00 GB reserved,     768.00 KB ( <1%) committed,  1 nodes.
             Both:        1.06 GB reserved,       8.12 MB ( <1%) committed. 

Chunk freelists:
   Non-Class:  8.33 MB
       Class:  15.20 MB
        Both:  23.53 MB

MaxMetaspaceSize: unlimited
CompressedClassSpaceSize: 1.00 GB
Initial GC threshold: 21.00 MB
Current GC threshold: 21.00 MB
CDS: off
MetaspaceReclaimPolicy: balanced
 - commit_granule_bytes: 65536.
 - commit_granule_words: 8192.
 - virtual_space_node_default_size: 8388608.
 - enlarge_chunks_in_place: 1.
 - new_chunks_are_fully_committed: 0.
 - uncommit_free_chunks: 1.
 - use_allocation_guard: 0.
 - handle_deallocations: 1.


Internal statistics:

num_allocs_failed_limit: 0.
num_arena_births: 12.
num_arena_deaths: 0.
num_vsnodes_births: 2.
num_vsnodes_deaths: 0.
num_space_committed: 130.
num_space_uncommitted: 0.
num_chunks_returned_to_freelist: 0.
num_chunks_taken_from_freelist: 52.
num_chunk_merges: 0.
num_chunk_splits: 22.
num_chunks_enlarged: 15.
num_inconsistent_stats: 0.

CodeHeap 'non-profiled nmethods': size=120000Kb used=138Kb max_used=138Kb free=119861Kb
 bounds [0x0000019450180000, 0x00000194503f0000, 0x00000194576b0000]
CodeHeap 'profiled nmethods': size=120000Kb used=625Kb max_used=625Kb free=119375Kb
 bounds [0x00000194486b0000, 0x0000019448920000, 0x000001944fbe0000]
CodeHeap 'non-nmethods': size=5760Kb used=1123Kb max_used=1142Kb free=4636Kb
 bounds [0x000001944fbe0000, 0x000001944fe50000, 0x0000019450180000]
 total_blobs=841 nmethods=435 adapters=319
 compilation: enabled
              stopped_count=0, restarted_count=0
 full_count=0

Compilation events (20 events):
Event: 0.504 Thread 0x00000194680ca410  424       4       java.lang.String::<init> (74 bytes)
Event: 0.506 Thread 0x00000194680ca410 nmethod 424 0x000001945019f410 code [0x000001945019f5a0, 0x000001945019fa18]
Event: 0.506 Thread 0x00000194680ca410  426       4       java.util.zip.ZipFile$Source::nextEntryPos (22 bytes)
Event: 0.507 Thread 0x00000194680ca410 nmethod 426 0x000001945019fb90 code [0x000001945019fd00, 0x000001945019fe58]
Event: 0.507 Thread 0x00000194680ca410  425       4       java.lang.StringUTF16::compress (20 bytes)
Event: 0.509 Thread 0x00000194680ca410 nmethod 425 0x000001945019ff90 code [0x00000194501a0120, 0x00000194501a0398]
Event: 0.511 Thread 0x00000194680ca410  427       4       java.io.WinNTFileSystem::resolve (275 bytes)
Event: 0.512 Thread 0x00000194680d3140  428       3       java.util.LinkedHashMap::get (29 bytes)
Event: 0.512 Thread 0x00000194680d3140 nmethod 428 0x0000019448749a90 code [0x0000019448749c40, 0x0000019448749e98]
Event: 0.513 Thread 0x00000194680d3140  429       3       java.util.Collections$UnmodifiableCollection::iterator (9 bytes)
Event: 0.513 Thread 0x00000194680d3140 nmethod 429 0x0000019448749f90 code [0x000001944874a140, 0x000001944874a508]
Event: 0.513 Thread 0x00000194680d3140  430       3       java.util.Collections$UnmodifiableCollection$1::<init> (26 bytes)
Event: 0.513 Thread 0x00000194680d3140 nmethod 430 0x000001944874a690 code [0x000001944874a840, 0x000001944874ab48]
Event: 0.517 Thread 0x00000194680d3140  432       3       java.io.File::isFile (34 bytes)
Event: 0.517 Thread 0x00000194680d3140 nmethod 432 0x000001944874ac90 code [0x000001944874ae80, 0x000001944874b3c8]
Event: 0.520 Thread 0x00000194680d3140  433       3       java.lang.ref.Cleaner::register (25 bytes)
Event: 0.520 Thread 0x00000194680d3140 nmethod 433 0x000001944874b590 code [0x000001944874b780, 0x000001944874bce8]
Event: 0.520 Thread 0x00000194680d3140  435  s    3       java.util.Properties::put (10 bytes)
Event: 0.520 Thread 0x00000194680d3140 nmethod 435 0x000001944874bf10 code [0x000001944874c0c0, 0x000001944874c328]
Event: 0.520 Thread 0x00000194680d3140  437       3       java.util.regex.Pattern::compile (500 bytes)

GC Heap History (0 events):
No events

Dll operation events (2 events):
Event: 0.009 Loaded shared library C:\Program Files\Android\Android Studio\jbr\bin\java.dll
Event: 0.151 Loaded shared library C:\Program Files\Android\Android Studio\jbr\bin\verify.dll

Deoptimization events (20 events):
Event: 0.312 Thread 0x00000194451e36a0 DEOPT PACKING pc=0x00000194486fb18c sp=0x0000003f850f9710
Event: 0.312 Thread 0x00000194451e36a0 DEOPT UNPACKING pc=0x000001944fc37143 sp=0x0000003f850f8ba0 mode 0
Event: 0.312 Thread 0x00000194451e36a0 DEOPT PACKING pc=0x00000194486fb18c sp=0x0000003f850f9710
Event: 0.312 Thread 0x00000194451e36a0 DEOPT UNPACKING pc=0x000001944fc37143 sp=0x0000003f850f8ba0 mode 0
Event: 0.312 Thread 0x00000194451e36a0 DEOPT PACKING pc=0x00000194486fb18c sp=0x0000003f850f9710
Event: 0.312 Thread 0x00000194451e36a0 DEOPT UNPACKING pc=0x000001944fc37143 sp=0x0000003f850f8ba0 mode 0
Event: 0.312 Thread 0x00000194451e36a0 DEOPT PACKING pc=0x00000194486fb18c sp=0x0000003f850f9710
Event: 0.312 Thread 0x00000194451e36a0 DEOPT UNPACKING pc=0x000001944fc37143 sp=0x0000003f850f8ba0 mode 0
Event: 0.312 Thread 0x00000194451e36a0 DEOPT PACKING pc=0x00000194486fb18c sp=0x0000003f850f9710
Event: 0.312 Thread 0x00000194451e36a0 DEOPT UNPACKING pc=0x000001944fc37143 sp=0x0000003f850f8ba0 mode 0
Event: 0.320 Thread 0x00000194451e36a0 DEOPT PACKING pc=0x00000194486c58e7 sp=0x0000003f850fb1a0
Event: 0.320 Thread 0x00000194451e36a0 DEOPT UNPACKING pc=0x000001944fc37143 sp=0x0000003f850fa5c0 mode 0
Event: 0.375 Thread 0x00000194451e36a0 DEOPT PACKING pc=0x00000194486deefe sp=0x0000003f850fd4f0
Event: 0.375 Thread 0x00000194451e36a0 DEOPT UNPACKING pc=0x000001944fc37143 sp=0x0000003f850fc960 mode 0
Event: 0.405 Thread 0x00000194451e36a0 DEOPT PACKING pc=0x00000194486f5fbe sp=0x0000003f850fd670
Event: 0.405 Thread 0x00000194451e36a0 DEOPT UNPACKING pc=0x000001944fc37143 sp=0x0000003f850fcae8 mode 0
Event: 0.405 Thread 0x00000194451e36a0 DEOPT PACKING pc=0x00000194486f5fbe sp=0x0000003f850fd670
Event: 0.405 Thread 0x00000194451e36a0 DEOPT UNPACKING pc=0x000001944fc37143 sp=0x0000003f850fcae8 mode 0
Event: 0.454 Thread 0x00000194451e36a0 DEOPT PACKING pc=0x0000019448702682 sp=0x0000003f850fd430
Event: 0.454 Thread 0x00000194451e36a0 DEOPT UNPACKING pc=0x000001944fc37143 sp=0x0000003f850fc8f0 mode 0

Classes unloaded (0 events):
No events

Classes redefined (0 events):
No events

Internal exceptions (1 events):
Event: 0.324 Thread 0x00000194451e36a0 Exception <a 'java/lang/NoSuchMethodError'{0x0000000711587f40}: 'int java.lang.invoke.DirectMethodHandle$Holder.invokeStaticInit(java.lang.Object, java.lang.Object)'> (0x0000000711587f40) 
thrown [s\src\hotspot\share\interpreter\linkResolver.cpp, line 771]

VM Operations (2 events):
Event: 0.145 Executing VM operation: HandshakeAllThreads
Event: 0.145 Executing VM operation: HandshakeAllThreads done

Events (20 events):
Event: 0.329 loading class java/io/FileFilter
Event: 0.329 loading class java/io/FileFilter done
Event: 0.376 loading class java/util/Collections$UnmodifiableList
Event: 0.377 loading class java/util/Collections$UnmodifiableList done
Event: 0.377 loading class java/util/Collections$UnmodifiableRandomAccessList
Event: 0.377 loading class java/util/Collections$UnmodifiableRandomAccessList done
Event: 0.383 loading class java/util/AbstractList$Itr
Event: 0.383 loading class java/util/AbstractList$Itr done
Event: 0.384 loading class java/util/zip/ZipException
Event: 0.384 loading class java/util/zip/ZipException done
Event: 0.386 loading class java/util/ArrayList$SubList
Event: 0.387 loading class java/util/ArrayList$SubList done
Event: 0.397 loading class java/util/Collections$UnmodifiableCollection$1
Event: 0.397 loading class java/util/Collections$UnmodifiableCollection$1 done
Event: 0.399 loading class java/util/Collections$SingletonSet
Event: 0.399 loading class java/util/Collections$SingletonSet done
Event: 0.399 loading class java/util/Collections$1
Event: 0.399 loading class java/util/Collections$1 done
Event: 0.402 loading class java/lang/invoke/DirectMethodHandle$Special
Event: 0.403 loading class java/lang/invoke/DirectMethodHandle$Special done


Dynamic libraries:
0x00007ff7af750000 - 0x00007ff7af75a000 	C:\Program Files\Android\Android Studio\jbr\bin\java.exe
0x00007ffab32d0000 - 0x00007ffab34c8000 	C:\Windows\SYSTEM32\ntdll.dll
0x00007ffab1880000 - 0x00007ffab1941000 	C:\Windows\System32\KERNEL32.DLL
0x00007ffab0c00000 - 0x00007ffab0efd000 	C:\Windows\System32\KERNELBASE.dll
0x00007ffaad0a0000 - 0x00007ffaad134000 	C:\Windows\SYSTEM32\apphelp.dll
0x00007ffab10a0000 - 0x00007ffab11a0000 	C:\Windows\System32\ucrtbase.dll
0x00007ffa994e0000 - 0x00007ffa994fb000 	C:\Program Files\Android\Android Studio\jbr\bin\VCRUNTIME140.dll
0x00007ffa981c0000 - 0x00007ffa981d7000 	C:\Program Files\Android\Android Studio\jbr\bin\jli.dll
0x00007ffab3050000 - 0x00007ffab31ed000 	C:\Windows\System32\USER32.dll
0x00007ffab0bd0000 - 0x00007ffab0bf2000 	C:\Windows\System32\win32u.dll
0x00007ffa99180000 - 0x00007ffa9941a000 	C:\Windows\WinSxS\amd64_microsoft.windows.common-controls_6595b64144ccf1df_6.0.19041.4355_none_60b8b9eb71f62e16\COMCTL32.dll
0x00007ffab3260000 - 0x00007ffab328b000 	C:\Windows\System32\GDI32.dll
0x00007ffab2820000 - 0x00007ffab28be000 	C:\Windows\System32\msvcrt.dll
0x00007ffab0980000 - 0x00007ffab0a97000 	C:\Windows\System32\gdi32full.dll
0x00007ffab0f00000 - 0x00007ffab0f9d000 	C:\Windows\System32\msvcp_win.dll
0x00007ffab1a20000 - 0x00007ffab1a4f000 	C:\Windows\System32\IMM32.DLL
0x00007ffaa69d0000 - 0x00007ffaa69dc000 	C:\Program Files\Android\Android Studio\jbr\bin\vcruntime140_1.dll
0x00007ffa6d590000 - 0x00007ffa6d61d000 	C:\Program Files\Android\Android Studio\jbr\bin\msvcp140.dll
0x00007ffa470e0000 - 0x00007ffa47d63000 	C:\Program Files\Android\Android Studio\jbr\bin\server\jvm.dll
0x00007ffab2a40000 - 0x00007ffab2af0000 	C:\Windows\System32\ADVAPI32.dll
0x00007ffab2940000 - 0x00007ffab29e0000 	C:\Windows\System32\sechost.dll
0x00007ffab2500000 - 0x00007ffab2623000 	C:\Windows\System32\RPCRT4.dll
0x00007ffab0ba0000 - 0x00007ffab0bc7000 	C:\Windows\System32\bcrypt.dll
0x00007ffab06c0000 - 0x00007ffab070b000 	C:\Windows\SYSTEM32\POWRPROF.dll
0x00007ffaada80000 - 0x00007ffaada89000 	C:\Windows\SYSTEM32\WSOCK32.dll
0x00007ffab31f0000 - 0x00007ffab325b000 	C:\Windows\System32\WS2_32.dll
0x00007ffaa0490000 - 0x00007ffaa04b7000 	C:\Windows\SYSTEM32\WINMM.dll
0x00007ffaa9870000 - 0x00007ffaa987a000 	C:\Windows\SYSTEM32\VERSION.dll
0x00007ffab06a0000 - 0x00007ffab06b2000 	C:\Windows\SYSTEM32\UMPDC.dll
0x00007ffaae7c0000 - 0x00007ffaae7d2000 	C:\Windows\SYSTEM32\kernel.appcore.dll
0x00007ffaa5c20000 - 0x00007ffaa5c2a000 	C:\Program Files\Android\Android Studio\jbr\bin\jimage.dll
0x00007ffa9fb50000 - 0x00007ffa9fd34000 	C:\Windows\SYSTEM32\DBGHELP.DLL
0x00007ffa94c80000 - 0x00007ffa94cb4000 	C:\Windows\SYSTEM32\dbgcore.DLL
0x00007ffab0aa0000 - 0x00007ffab0b22000 	C:\Windows\System32\bcryptPrimitives.dll
0x00007ffa8c7b0000 - 0x00007ffa8c7d5000 	C:\Program Files\Android\Android Studio\jbr\bin\java.dll
0x00007ffa97a40000 - 0x00007ffa97a58000 	C:\Program Files\Android\Android Studio\jbr\bin\zip.dll
0x00007ffab1d90000 - 0x00007ffab24ff000 	C:\Windows\System32\SHELL32.dll
0x00007ffaae9c0000 - 0x00007ffaaf163000 	C:\Windows\SYSTEM32\windows.storage.dll
0x00007ffab2af0000 - 0x00007ffab2e43000 	C:\Windows\System32\combase.dll
0x00007ffab0200000 - 0x00007ffab022e000 	C:\Windows\SYSTEM32\Wldp.dll
0x00007ffab1950000 - 0x00007ffab1a1d000 	C:\Windows\System32\OLEAUT32.dll
0x00007ffab1360000 - 0x00007ffab140d000 	C:\Windows\System32\SHCORE.dll
0x00007ffab29e0000 - 0x00007ffab2a35000 	C:\Windows\System32\shlwapi.dll
0x00007ffab08b0000 - 0x00007ffab08d4000 	C:\Windows\SYSTEM32\profapi.dll
0x00007ffa80690000 - 0x00007ffa806a9000 	C:\Program Files\Android\Android Studio\jbr\bin\net.dll
0x00007ffaaa8d0000 - 0x00007ffaaa9dd000 	C:\Windows\SYSTEM32\WINHTTP.dll
0x00007ffaaffe0000 - 0x00007ffab004a000 	C:\Windows\system32\mswsock.dll
0x00007ffa80670000 - 0x00007ffa80686000 	C:\Program Files\Android\Android Studio\jbr\bin\nio.dll
0x00007ffaa5520000 - 0x00007ffaa5530000 	C:\Program Files\Android\Android Studio\jbr\bin\verify.dll

dbghelp: loaded successfully - version: 4.0.5 - missing functions: none
symbol engine: initialized successfully - sym options: 0x614 - pdb path: .;C:\Program Files\Android\Android Studio\jbr\bin;C:\Windows\SYSTEM32;C:\Windows\WinSxS\amd64_microsoft.windows.common-controls_6595b64144ccf1df_6.0.19041.4355_none_60b8b9eb71f62e16;C:\Program Files\Android\Android Studio\jbr\bin\server

VM Arguments:
jvm_args: -Dorg.gradle.appname=gradlew 
java_command: org.gradle.wrapper.GradleWrapperMain -q -Ptarget-platform=android-x86 -Ptarget=C:\Users\appo\Desktop\chatapp\lib\main.dart -Pbase-application-name=android.app.Application -Pdart-obfuscation=false -Ptrack-widget-creation=true -Ptree-shake-icons=false -Pfilesystem-scheme=org-dartlang-root assembleDebug
java_class_path (initial): C:\Users\appo\Desktop\chatapp\android\\gradle\wrapper\gradle-wrapper.jar
Launcher Type: SUN_STANDARD

[Global flags]
     intx CICompilerCount                          = 4                                         {product} {ergonomic}
     uint ConcGCThreads                            = 2                                         {product} {ergonomic}
     uint G1ConcRefinementThreads                  = 8                                         {product} {ergonomic}
   size_t G1HeapRegionSize                         = 2097152                                   {product} {ergonomic}
    uintx GCDrainStackTargetSize                   = 64                                        {product} {ergonomic}
   size_t InitialHeapSize                          = 268435456                                 {product} {ergonomic}
   size_t MarkStackSize                            = 4194304                                   {product} {ergonomic}
   size_t MaxHeapSize                              = 4269801472                                {product} {ergonomic}
   size_t MaxNewSize                               = 2560622592                                {product} {ergonomic}
   size_t MinHeapDeltaBytes                        = 2097152                                   {product} {ergonomic}
   size_t MinHeapSize                              = 8388608                                   {product} {ergonomic}
    uintx NonNMethodCodeHeapSize                   = 5839372                                {pd product} {ergonomic}
    uintx NonProfiledCodeHeapSize                  = 122909434                              {pd product} {ergonomic}
    uintx ProfiledCodeHeapSize                     = 122909434                              {pd product} {ergonomic}
    uintx ReservedCodeCacheSize                    = 251658240                              {pd product} {ergonomic}
     bool SegmentedCodeCache                       = true                                      {product} {ergonomic}
   size_t SoftMaxHeapSize                          = 4269801472                             {manageable} {ergonomic}
     bool UseCompressedClassPointers               = true                           {product lp64_product} {ergonomic}
     bool UseCompressedOops                        = true                           {product lp64_product} {ergonomic}
     bool UseG1GC                                  = true                                      {product} {ergonomic}
     bool UseLargePagesIndividualAllocation        = false                                  {pd product} {ergonomic}

Logging:
Log output configuration:
 #0: stdout all=warning uptime,level,tags
 #1: stderr all=off uptime,level,tags

Environment Variables:
JAVA_HOME=C:\Program Files\Android\Android Studio\jbr
CLASSPATH=C:\Users\appo\Desktop\chatapp\android\\gradle\wrapper\gradle-wrapper.jar
PATH=C:\Program Files\Android\Android Studio\jbr\bin;C:\Program Files\Common Files\Oracle\Java\javapath;C:\Program Files (x86)\Common Files\Oracle\Java\java8path;C:\Program Files (x86)\Common Files\Oracle\Java\javapath;C:\Program Files (x86)\Razer\ChromaBroadcast\bin;C:\Program Files\Razer\ChromaBroadcast\bin;C:\Program Files (x86)\Common Files\Intel\Shared Libraries\redist\intel64\compiler;C:\Windows\system32;C:\Windows;C:\Windows\System32\Wbem;C:\Windows\System32\WindowsPowerShell\v1.0\;C:\Windows\System32\OpenSSH\;C:\Program Files (x86)\NVIDIA Corporation\PhysX\Common;C:\Program Files\NVIDIA Corporation\NVIDIA NvDLISR;C:\Program Files\dotnet\;C:\Users\appo\AppData\Local\Microsoft\WindowsApps;C:\Program Files\CMake\bin;C:\flutter\bin;C:\Program Files (x86)\Windows Kits\10\Windows Performance Toolkit\;C:\Users\appo\AppData\Local\Programs\Python\Python311\python.exe;C:\Program Files\nodejs\;C:\Users\appo\AppData\Local\Pub\Cache\bin;C:\Program Files\PuTTY\;C:\Program Files\Git\cmd;C:\Users\appo\AppData\Local\JSONBuddy;C:\Program Files\MySQL\MySQL Shell 8.0\bin\;C:\Users\appo\AppData\Local\Programs\Python\Python311\Scripts\;C:\Users\appo\AppData\Local\Programs\Python\Python311\python.exe;C:\Users\appo\AppData\Local\Microsoft\WindowsApps;C:\Program Files\JetBrains\PyCharm Community Edition 2023.1.2\bin;C:\\Users\appo\AppData\Local\Programs\Python\Python311;C:\Users\appo\AppData\Local\Programs\Python\Python311\Lib;C:\Users\appo\AppData\Local\Programs\Python\Python311\libs;C:\Users\appo\AppData\Local\Programs\Python\Python311\Tools\scripts;C:\Users\appo\AppData\Local\atom\bin;C:\AppServ\Apache24\bin;C:\AppServ\php7;C:\AppServ\MySQL\bin;C:\Users\appo\AppData\Local\Programs\Microsoft VS Code\bin;C:\Program Files\JetBrains\IntelliJ IDEA 2023.2.3\bin;;C:\Program Files\Git\bin\git.exe;C:\Users\appo\AppData\Roaming\npm;C:\kotlinc\bin;C:\flutter\flutter\bin;C:\Users\appo\AppData\Local\GitHubDesktop\bin;C:\flutter\flutter\bin\mingit\cmd;C:\flutter\flutter\bin\mingit\cmd
USERNAME=appo
OS=Windows_NT
PROCESSOR_IDENTIFIER=Intel64 Family 6 Model 165 Stepping 3, GenuineIntel
TMP=C:\Users\appo\AppData\Local\Temp
TEMP=C:\Users\appo\AppData\Local\Temp



Periodic native trim disabled

JNI global refs:
JNI global refs: 8, weak refs: 0

JNI global refs memory usage: 843, weak refs: 841

OOME stack traces (most recent first):
Classloader memory used:
Loader bootstrap                                                                       : 984K
Loader java.net.URLClassLoader                                                         : 25987B
Loader jdk.internal.loader.ClassLoaders$AppClassLoader                                 : 18431B


---------------  S Y S T E M  ---------------

OS:
 Windows 10 , 64 bit Build 19041 (10.0.19041.4842)
OS uptime: 8 days 4:47 hours
Hyper-V role detected

CPU: total 8 (initial active 8) (4 cores per cpu, 2 threads per core) family 6 model 165 stepping 3 microcode 0xf0, cx8, cmov, fxsr, ht, mmx, 3dnowpref, sse, sse2, sse3, ssse3, sse4.1, sse4.2, popcnt, lzcnt, tsc, tscinvbit, avx, avx2, aes, erms, clmul, bmi1, bmi2, adx, fma, vzeroupper, clflush, clflushopt, hv
Processor Information for all 8 processors :
  Max Mhz: 3600, Current Mhz: 3600, Mhz Limit: 3600

Memory: 4k page, system-wide physical 16281M (737M free)
TotalPageFile size 65433M (AvailPageFile size 1M)
current process WorkingSet (physical memory assigned to process): 50M, peak: 50M
current process commit charge ("private bytes"): 343M, peak: 344M

vm_info: OpenJDK 64-Bit Server VM (17.0.9+0--11185874) for windows-amd64 JRE (17.0.9+0--11185874), built on Dec  6 2023 18:57:44 by "androidbuild" with MS VC++ 16.10 / 16.11 (VS2019)

END.
